This is pdfTeX, Version 3.141592653-2.6-1.40.25 (TeX Live 2023) (preloaded format=pdflatex 2023.5.23)  6 FEB 2024 15:08
entering extended mode
 restricted \write18 enabled.
 file:line:error style messages enabled.
 %&-line parsing enabled.
**c:/Users/heman/OneDrive/Desktop/PhDThesis_Final/phdthesis
(c:/Users/heman/OneDrive/Desktop/PhDThesis_Final/phdthesis.tex
LaTeX2e <2022-11-01> patch level 1
L3 programming layer <2023-05-15> (c:/texlive/2023/texmf-dist/tex/latex/memoir/memoir.cls
Document Class: memoir 2022/11/17 v3.7.19 configurable book, report, article document class
(c:/texlive/2023/texmf-dist/tex/latex/etoolbox/etoolbox.sty
Package: etoolbox 2020/10/05 v2.5k e-TeX tools for LaTeX (JAW)
\etb@tempcnta=\count185
)
\onelineskip=\skip48
\lxvchars=\skip49
\xlvchars=\skip50
\@memcnta=\count186
\c@@memmarkcntra=\count187
 (c:/texlive/2023/texmf-dist/tex/generic/iftex/iftex.sty
Package: iftex 2022/02/03 v1.0f TeX engine tests
)
\stockheight=\dimen140
\stockwidth=\dimen141
\trimtop=\skip51
\trimedge=\skip52
 (c:/texlive/2023/texmf-dist/tex/latex/memoir/mem11.clo
File: mem11.clo 2022/07/29 v0.5 memoir class 11pt size option
)
\binding=\skip53
\spinemargin=\skip54
\foremargin=\skip55
\uppermargin=\skip56
\lowermargin=\skip57
\headdrop=\skip58
\normalrulethickness=\skip59
\mem@maxheadheight=\skip60
\mem@maxfootheight=\skip61
\headwidth=\skip62
\c@storedpagenumber=\count188
\memPD=\dimen142
\m@mabparskip=\skip63
\thanksmarkwidth=\skip64
\thanksmarksep=\skip65
\droptitle=\skip66
\c@book=\count189
\c@part=\count190
\c@chapter=\count191
\c@section=\count192
\c@subsection=\count193
\c@subsubsection=\count194
\c@paragraph=\count195
\c@subparagraph=\count196
\beforechapskip=\skip67
\midchapskip=\skip68
\afterchapskip=\skip69
\chapindent=\skip70
\bottomsectionskip=\skip71
\secindent=\skip72
\beforesecskip=\skip73
\aftersecskip=\skip74
\subsecindent=\skip75
\beforesubsecskip=\skip76
\aftersubsecskip=\skip77
\subsubsecindent=\skip78
\beforesubsubsecskip=\skip79
\aftersubsubsecskip=\skip80
\paraindent=\skip81
\beforeparaskip=\skip82
\afterparaskip=\skip83
\subparaindent=\skip84
\beforesubparaskip=\skip85
\aftersubparaskip=\skip86
\pfbreakskip=\skip87
\c@@ppsavesec=\count197
\c@@ppsaveapp=\count198
\ragrparindent=\dimen143
\everylistparindent=\dimen144
\parsepi=\skip88
\topsepi=\skip89
\itemsepi=\skip90
\parsepii=\skip91
\topsepii=\skip92
\topsepiii=\skip93
\itemsepii=\skip94
\itemsepiii=\skip95
\partopsepii=\skip96
\partopsepiii=\skip97
\m@msavetopsep=\skip98
\m@msavepartopsep=\skip99
\@enLab=\toks16
\abstitleskip=\skip100
\absleftindent=\skip101
\abs@leftindent=\dimen145
\absrightindent=\skip102
\absparindent=\skip103
\absparsep=\skip104
\c@vslineno=\count199
\c@poemline=\count266
\c@modulo@vs=\count267
\c@memfvsline=\count268
\vleftskip=\skip105
\vrightskip=\skip106
\stanzaskip=\skip107
\versewidth=\skip108
\vgap=\skip109
\vindent=\skip110
\vleftmargin=\dimen146
\c@verse=\count269
\c@chrsinstr=\count270
\beforepoemtitleskip=\skip111
\afterpoemtitleskip=\skip112
\c@poem=\count271
\beforePoemTitleskip=\skip113
\midPoemTitleskip=\skip114
\afterPoemTitleskip=\skip115
 (c:/texlive/2023/texmf-dist/tex/latex/tools/array.sty
Package: array 2022/09/04 v2.5g Tabular extension package (FMi)
\col@sep=\dimen147
\ar@mcellbox=\box51
\extrarowheight=\dimen148
\NC@list=\toks17
\extratabsurround=\skip116
\backup@length=\skip117
\ar@cellbox=\box52
) (c:/texlive/2023/texmf-dist/tex/latex/tools/dcolumn.sty
Package: dcolumn 2014/10/28 v1.06 decimal alignment package (DPC)
) (c:/texlive/2023/texmf-dist/tex/latex/tools/delarray.sty
Package: delarray 2014/10/28 v1.01 array delimiter package (DPC)
) (c:/texlive/2023/texmf-dist/tex/latex/tools/tabularx.sty
Package: tabularx 2020/01/15 v2.11c `tabularx' package (DPC)
\TX@col@width=\dimen149
\TX@old@table=\dimen150
\TX@old@col=\dimen151
\TX@target=\dimen152
\TX@delta=\dimen153
\TX@cols=\count272
\TX@ftn=\toks18
)
\heavyrulewidth=\dimen154
\lightrulewidth=\dimen155
\cmidrulewidth=\dimen156
\belowrulesep=\dimen157
\belowbottomsep=\dimen158
\aboverulesep=\dimen159
\abovetopsep=\dimen160
\cmidrulesep=\dimen161
\cmidrulekern=\dimen162
\defaultaddspace=\dimen163
\@cmidla=\count273
\@cmidlb=\count274
\@aboverulesep=\dimen164
\@belowrulesep=\dimen165
\@thisruleclass=\count275
\@lastruleclass=\count276
\@thisrulewidth=\dimen166
\ctableftskip=\skip118
\ctabrightskip=\skip119
\abovecolumnspenalty=\count277
\@linestogo=\count278
\@cellstogo=\count279
\@cellsincolumn=\count280
\crtok=\toks19
\@mincolumnwidth=\dimen167
\c@newflo@tctr=\count281
\mem@margin@floatbox=\box53
\@contcwidth=\skip120
\@contindw=\skip121
\abovecaptionskip=\skip122
\belowcaptionskip=\skip123
\subfloattopskip=\skip124
\subfloatcapskip=\skip125
\subfloatcaptopadj=\skip126
\subfloatbottomskip=\skip127
\subfloatlabelskip=\skip128
\subfloatcapmargin=\dimen168
\c@@contsubnum=\count282
\m@mscap@capbox=\box54
\m@mscap@fbox=\box55
\sidecapsep=\dimen169
\sidecapwidth=\dimen170
\m@m@tempdima=\dimen171
\m@mscapraise=\dimen172
\sidecapraise=\dimen173
\m@mscapmainwidth=\dimen174
\m@mscaplkern=\dimen175
\beforeepigraphskip=\skip129
\afterepigraphskip=\skip130
\epigraphwidth=\skip131
\epigraphrule=\skip132
LaTeX Info: Redefining \em on input line 7655.
LaTeX Info: Redefining \emph on input line 7663.
\tocentryskip=\skip133
\tocbaseline=\skip134
\cftparskip=\skip135
\cftbeforebookskip=\skip136
\cftbookindent=\dimen176
\cftbooknumwidth=\dimen177
\cftbeforepartskip=\skip137
\cftpartindent=\skip138
\cftpartnumwidth=\skip139
\cftbeforechapterskip=\skip140
\cftchapterindent=\skip141
\cftchapternumwidth=\skip142
\cftbeforesectionskip=\skip143
\cftsectionindent=\skip144
\cftsectionnumwidth=\skip145
\cftbeforesubsectionskip=\skip146
\cftsubsectionindent=\skip147
\cftsubsectionnumwidth=\skip148
\cftbeforesubsubsectionskip=\skip149
\cftsubsubsectionindent=\skip150
\cftsubsubsectionnumwidth=\skip151
\cftbeforeparagraphskip=\skip152
\cftparagraphindent=\skip153
\cftparagraphnumwidth=\skip154
\cftbeforesubparagraphskip=\skip155
\cftsubparagraphindent=\skip156
\cftsubparagraphnumwidth=\skip157
\prechapterprecisshift=\dimen178
\c@maxsecnumdepth=\count283
\bibindent=\dimen179
\bibitemsep=\skip158
\indexcolsep=\skip159
\indexrule=\skip160
\indexmarkstyle=\toks20
\@indexbox=\insert252
\glossarycolsep=\dimen180
\glossaryrule=\dimen181
\sideparvshift=\skip161
\sideins=\insert251
\sidebartopsep=\skip162
\sidebarhsep=\skip163
\sidebarvsep=\skip164
\sidebarwidth=\skip165
\footmarkwidth=\skip166
\footmarksep=\skip167
\footparindent=\skip168
\footinsdim=\skip169
\footinsv@r=\insert250
\@mpfootinsv@r=\insert249
\m@m@k=\count284
\m@m@h=\dimen182
\m@mipn@skip=\skip170
\sidefootins=\insert248
\sidefootadjust=\skip171
\sidefootheight=\skip172
\sidefoothsep=\skip173
\sidefootvsep=\skip174
\sidefootwidth=\skip175
\m@mdownsf=\skip176
\c@sidefootnote=\count285
\sidefootmarkwidth=\skip177
\sidefootmarksep=\skip178
\sidefootparindent=\skip179
\c@pagenote=\count286
\c@pagenoteshadow=\count287
\mem@pn@lastkern=\skip180
\every@verbatim=\toks21
\afterevery@verbatim=\toks22
\verbatim@line=\toks23
\tab@position=\count288
\verbatim@in@stream=\read2
\verbatimindent=\skip181
\verbatim@out=\write3
\bvboxsep=\skip182
\c@memfbvline=\count289
\c@bvlinectr=\count290
\bvnumlength=\skip183
\fb@frw=\dimen183
\fb@frh=\dimen184
\FrameRule=\dimen185
\FrameSep=\dimen186
\c@cp@cntr=\count291
\c@ism@mctr=\count292
\c@xsm@mctr=\count293
\c@csm@mctr=\count294
\c@ksm@mctr=\count295
\c@xksm@mctr=\count296
\c@cksm@mctr=\count297
\c@msm@mctr=\count298
\c@xmsm@mctr=\count299
\c@cmsm@mctr=\count300
\c@bsm@mctr=\count301
\c@workm@mctr=\count302
\c@sheetsequence=\count303
\c@lastsheet=\count304
\c@lastpage=\count305
 (c:/texlive/2023/texmf-dist/tex/latex/textcase/textcase.sty
Package: textcase 2022/07/10 v1.03 Text only upper/lower case changing (DPC)
Package textcase Info: Defining Legacy names on input line 20.
)
\c@figure=\count306
\c@lofdepth=\count307
\cftbeforefigureskip=\skip184
\cftfigureindent=\skip185
\cftfigurenumwidth=\skip186
\c@table=\count308
\c@lotdepth=\count309
\cftbeforetableskip=\skip187
\cfttableindent=\skip188
\cfttablenumwidth=\skip189
Package abstract [2008/07/23] emulated by memoir.
Package appendix [2008/07/23] emulated by memoir.
Package booktabs [2016/05/16] emulated by memoir.
Package ccaption [2008/07/23] emulated by memoir.
Package changepage [2008/07/23] emulated by memoir.
Package chngcntr [2008/07/23] emulated by memoir.
Package chngpage [2008/07/23] emulated by memoir.
Package crop emulated by memoir.
Package enumerate [2008/07/23] emulated by memoir.
Package epigraph [2008/07/23] emulated by memoir.
Package ifmtarg [2008/07/23] emulated by memoir.
Package index [2008/07/23] emulated by memoir.
Package makeidx [2008/07/23] emulated by memoir.
Package moreverb [2008/07/23] emulated by memoir.
Package needspace [2008/07/23] emulated by memoir.
Package newfile [2008/07/23] emulated by memoir.
Package nextpage [2008/07/23] emulated by memoir.
Package pagenote [2008/07/23] emulated by memoir.
Package parskip [2008/07/23] emulated by memoir.
Package patchcmd [2008/07/23] emulated by memoir.
Package setspace [2008/07/23] emulated by memoir.
Package shortvrb [2008/07/23] emulated by memoir.
Package showidx [2008/07/23] emulated by memoir.
Package titleref [2008/07/23] emulated by memoir.
Package titling [2008/07/23] emulated by memoir.
Package tocbibind [2008/07/23] emulated by memoir.
Package tocloft [2008/07/23] emulated by memoir.
Package tocvsec2 [2008/07/23] emulated by memoir.
Package verbatim [2008/07/23] emulated by memoir.
Package verse [2008/07/23] emulated by memoir.
) (c:/texlive/2023/texmf-dist/tex/latex/base/inputenc.sty
Package: inputenc 2021/02/14 v1.3d Input encoding file
\inpenc@prehook=\toks24
\inpenc@posthook=\toks25
) (c:/texlive/2023/texmf-dist/tex/latex/base/fontenc.sty
Package: fontenc 2021/04/29 v2.0v Standard LaTeX package
) (c:/texlive/2023/texmf-dist/tex/latex/csquotes/csquotes.sty
Package: csquotes 2022-09-14 v5.2n context-sensitive quotations (JAW)
 (c:/texlive/2023/texmf-dist/tex/latex/graphics/keyval.sty
Package: keyval 2022/05/29 v1.15 key=value parser (DPC)
\KV@toks@=\toks26
)
\csq@reset=\count310
\csq@gtype=\count311
\csq@glevel=\count312
\csq@qlevel=\count313
\csq@maxlvl=\count314
\csq@tshold=\count315
\csq@ltx@everypar=\toks27
 (c:/texlive/2023/texmf-dist/tex/latex/csquotes/csquotes.def
File: csquotes.def 2022-09-14 v5.2n csquotes generic definitions (JAW)
)
Package csquotes Info: Trying to load configuration file 'csquotes.cfg'...
Package csquotes Info: ... configuration file loaded successfully.
 (c:/texlive/2023/texmf-dist/tex/latex/csquotes/csquotes.cfg
File: csquotes.cfg 
)) (c:/texlive/2023/texmf-dist/tex/generic/babel/babel.sty
Package: babel 2023/05/11 v3.89 The Babel package
\babel@savecnt=\count316
\U@D=\dimen187
\l@unhyphenated=\language46
 (c:/texlive/2023/texmf-dist/tex/generic/babel/txtbabel.def)
\bbl@readstream=\read3
\bbl@dirlevel=\count317
 (c:/texlive/2023/texmf-dist/tex/generic/babel-english/english.ldf
Language: english 2017/06/06 v3.3r English support from the babel system
Package babel Info: Hyphen rules for 'canadian' set to \l@english
(babel)             (\language0). Reported on input line 102.
Package babel Info: Hyphen rules for 'australian' set to \l@ukenglish
(babel)             (\language11). Reported on input line 105.
Package babel Info: Hyphen rules for 'newzealand' set to \l@ukenglish
(babel)             (\language11). Reported on input line 108.
)) (c:/texlive/2023/texmf-dist/tex/generic/babel/locale/en/babel-english.tex
Package babel Info: Importing font and identification data for english
(babel)             from babel-en.ini. Reported on input line 11.
) (c:/texlive/2023/texmf-dist/tex/latex/geometry/geometry.sty
Package: geometry 2020/01/02 v5.9 Page Geometry
 (c:/texlive/2023/texmf-dist/tex/generic/iftex/ifvtex.sty
Package: ifvtex 2019/10/25 v1.7 ifvtex legacy package. Use iftex instead.
)
\Gm@cnth=\count318
\Gm@cntv=\count319
\c@Gm@tempcnt=\count320
\Gm@bindingoffset=\dimen188
\Gm@wd@mp=\dimen189
\Gm@odd@mp=\dimen190
\Gm@even@mp=\dimen191
\Gm@layoutwidth=\dimen192
\Gm@layoutheight=\dimen193
\Gm@layouthoffset=\dimen194
\Gm@layoutvoffset=\dimen195
\Gm@dimlist=\toks28
) (c:/texlive/2023/texmf-dist/tex/latex/microtype/microtype.sty
Package: microtype 2023/03/13 v3.1a Micro-typographical refinements (RS)
\MT@toks=\toks29
\MT@tempbox=\box56
\MT@count=\count321
LaTeX Info: Redefining \noprotrusionifhmode on input line 1059.
LaTeX Info: Redefining \leftprotrusion on input line 1060.
\MT@prot@toks=\toks30
LaTeX Info: Redefining \rightprotrusion on input line 1078.
LaTeX Info: Redefining \textls on input line 1368.
\MT@outer@kern=\dimen196
LaTeX Info: Redefining \textmicrotypecontext on input line 1988.
\MT@listname@count=\count322
 (c:/texlive/2023/texmf-dist/tex/latex/microtype/microtype-pdftex.def
File: microtype-pdftex.def 2023/03/13 v3.1a Definitions specific to pdftex (RS)
LaTeX Info: Redefining \lsstyle on input line 902.
LaTeX Info: Redefining \lslig on input line 902.
\MT@outer@space=\skip190
)
Package microtype Info: Loading configuration file microtype.cfg.
 (c:/texlive/2023/texmf-dist/tex/latex/microtype/microtype.cfg
File: microtype.cfg 2023/03/13 v3.1a microtype main configuration file (RS)
)) (c:/texlive/2023/texmf-dist/tex/latex/nomencl/nomencl.sty
Package: nomencl 2021/11/10 v5.6 Nomenclature package
 (c:/texlive/2023/texmf-dist/tex/latex/xkeyval/xkeyval.sty
Package: xkeyval 2022/06/16 v2.9 package option processing (HA)
 (c:/texlive/2023/texmf-dist/tex/generic/xkeyval/xkeyval.tex (c:/texlive/2023/texmf-dist/tex/generic/xkeyval/xkvutils.tex
\XKV@toks=\toks31
\XKV@tempa@toks=\toks32
)
\XKV@depth=\count323
File: xkeyval.tex 2014/12/03 v2.7a key=value parser (HA)
)) (c:/texlive/2023/texmf-dist/tex/latex/base/ifthen.sty
Package: ifthen 2022/04/13 v1.1d Standard LaTeX ifthen package (DPC)
) (c:/texlive/2023/texmf-dist/tex/latex/koma-script/tocbasic.sty
Package: tocbasic 2023/04/24 v3.40 KOMA-Script package (handling toc-files)
 (c:/texlive/2023/texmf-dist/tex/latex/koma-script/scrbase.sty
Package: scrbase 2023/04/24 v3.40 KOMA-Script package (KOMA-Script-independent basics and keyval usage)
 (c:/texlive/2023/texmf-dist/tex/latex/koma-script/scrlfile.sty
Package: scrlfile 2023/04/24 v3.40 KOMA-Script package (file load hooks)
 (c:/texlive/2023/texmf-dist/tex/latex/koma-script/scrlfile-hook.sty
Package: scrlfile-hook 2023/04/24 v3.40 KOMA-Script package (using LaTeX hooks)
 (c:/texlive/2023/texmf-dist/tex/latex/koma-script/scrlogo.sty
Package: scrlogo 2023/04/24 v3.40 KOMA-Script package (logo)
)))
Applying: [2021/05/01] Usage of raw or classic option list on input line 252.
Already applied: [0000/00/00] Usage of raw or classic option list on input line 368.
)
\scr@dte@tocline@numberwidth=\skip191
\scr@dte@tocline@numbox=\box57
)
Package tocbasic Info: setting babel extension for `nlo' on input line 187.
Package tocbasic Info: setting babel extension for `nls' on input line 188.
\nomlabelwidth=\dimen197
\nom@tempdim=\dimen198
\nomitemsep=\skip192
) (c:/texlive/2023/texmf-dist/tex/latex/footmisc/footmisc.sty
Package: footmisc 2022/03/08 v6.0d a miscellany of footnote facilities
\FN@temptoken=\toks33
\footnotemargin=\dimen199
\@outputbox@depth=\dimen256
Package footmisc Info: Declaring symbol style bringhurst on input line 695.
Package footmisc Info: Declaring symbol style chicago on input line 703.
Package footmisc Info: Declaring symbol style wiley on input line 712.
Package footmisc Info: Declaring symbol style lamport-robust on input line 723.
Package footmisc Info: Declaring symbol style lamport* on input line 743.
Package footmisc Info: Declaring symbol style lamport*-robust on input line 764.
) (c:/texlive/2023/texmf-dist/tex/latex/psnfss/times.sty
Package: times 2020/03/25 PSNFSS-v9.3 (SPQR) 
) (c:/texlive/2023/texmf-dist/tex/latex/psnfss/mathptmx.sty
Package: mathptmx 2020/03/25 PSNFSS-v9.3 Times w/ Math, improved (SPQR, WaS) 
LaTeX Font Info:    Redeclaring symbol font `operators' on input line 28.
LaTeX Font Info:    Overwriting symbol font `operators' in version `normal'
(Font)                  OT1/cmr/m/n --> OT1/ztmcm/m/n on input line 28.
LaTeX Font Info:    Overwriting symbol font `operators' in version `bold'
(Font)                  OT1/cmr/bx/n --> OT1/ztmcm/m/n on input line 28.
LaTeX Font Info:    Redeclaring symbol font `letters' on input line 29.
LaTeX Font Info:    Overwriting symbol font `letters' in version `normal'
(Font)                  OML/cmm/m/it --> OML/ztmcm/m/it on input line 29.
LaTeX Font Info:    Overwriting symbol font `letters' in version `bold'
(Font)                  OML/cmm/b/it --> OML/ztmcm/m/it on input line 29.
LaTeX Font Info:    Redeclaring symbol font `symbols' on input line 30.
LaTeX Font Info:    Overwriting symbol font `symbols' in version `normal'
(Font)                  OMS/cmsy/m/n --> OMS/ztmcm/m/n on input line 30.
LaTeX Font Info:    Overwriting symbol font `symbols' in version `bold'
(Font)                  OMS/cmsy/b/n --> OMS/ztmcm/m/n on input line 30.
LaTeX Font Info:    Redeclaring symbol font `largesymbols' on input line 31.
LaTeX Font Info:    Overwriting symbol font `largesymbols' in version `normal'
(Font)                  OMX/cmex/m/n --> OMX/ztmcm/m/n on input line 31.
LaTeX Font Info:    Overwriting symbol font `largesymbols' in version `bold'
(Font)                  OMX/cmex/m/n --> OMX/ztmcm/m/n on input line 31.
\symbold=\mathgroup4
\symitalic=\mathgroup5
LaTeX Font Info:    Redeclaring math alphabet \mathbf on input line 34.
LaTeX Font Info:    Overwriting math alphabet `\mathbf' in version `normal'
(Font)                  OT1/cmr/bx/n --> OT1/ptm/bx/n on input line 34.
LaTeX Font Info:    Overwriting math alphabet `\mathbf' in version `bold'
(Font)                  OT1/cmr/bx/n --> OT1/ptm/bx/n on input line 34.
LaTeX Font Info:    Redeclaring math alphabet \mathit on input line 35.
LaTeX Font Info:    Overwriting math alphabet `\mathit' in version `normal'
(Font)                  OT1/cmr/m/it --> OT1/ptm/m/it on input line 35.
LaTeX Font Info:    Overwriting math alphabet `\mathit' in version `bold'
(Font)                  OT1/cmr/bx/it --> OT1/ptm/m/it on input line 35.
LaTeX Info: Redefining \hbar on input line 50.
) (c:/texlive/2023/texmf-dist/tex/latex/hyperref/hyperref.sty
Package: hyperref 2023-04-22 v7.00x Hypertext links for LaTeX
 (c:/texlive/2023/texmf-dist/tex/generic/ltxcmds/ltxcmds.sty
Package: ltxcmds 2020-05-10 v1.25 LaTeX kernel commands for general use (HO)
) (c:/texlive/2023/texmf-dist/tex/generic/pdftexcmds/pdftexcmds.sty
Package: pdftexcmds 2020-06-27 v0.33 Utility functions of pdfTeX for LuaTeX (HO)
 (c:/texlive/2023/texmf-dist/tex/generic/infwarerr/infwarerr.sty
Package: infwarerr 2019/12/03 v1.5 Providing info/warning/error messages (HO)
)
Package pdftexcmds Info: \pdf@primitive is available.
Package pdftexcmds Info: \pdf@ifprimitive is available.
Package pdftexcmds Info: \pdfdraftmode found.
) (c:/texlive/2023/texmf-dist/tex/latex/kvsetkeys/kvsetkeys.sty
Package: kvsetkeys 2022-10-05 v1.19 Key value parser (HO)
) (c:/texlive/2023/texmf-dist/tex/generic/kvdefinekeys/kvdefinekeys.sty
Package: kvdefinekeys 2019-12-19 v1.6 Define keys (HO)
) (c:/texlive/2023/texmf-dist/tex/generic/pdfescape/pdfescape.sty
Package: pdfescape 2019/12/09 v1.15 Implements pdfTeX's escape features (HO)
) (c:/texlive/2023/texmf-dist/tex/latex/hycolor/hycolor.sty
Package: hycolor 2020-01-27 v1.10 Color options for hyperref/bookmark (HO)
) (c:/texlive/2023/texmf-dist/tex/latex/letltxmacro/letltxmacro.sty
Package: letltxmacro 2019/12/03 v1.6 Let assignment for LaTeX macros (HO)
) (c:/texlive/2023/texmf-dist/tex/latex/auxhook/auxhook.sty
Package: auxhook 2019-12-17 v1.6 Hooks for auxiliary files (HO)
) (c:/texlive/2023/texmf-dist/tex/latex/hyperref/nameref.sty
Package: nameref 2022-05-17 v2.50 Cross-referencing by name of section
 (c:/texlive/2023/texmf-dist/tex/latex/refcount/refcount.sty
Package: refcount 2019/12/15 v3.6 Data extraction from label references (HO)
) (c:/texlive/2023/texmf-dist/tex/generic/gettitlestring/gettitlestring.sty
Package: gettitlestring 2019/12/15 v1.6 Cleanup title references (HO)
 (c:/texlive/2023/texmf-dist/tex/latex/kvoptions/kvoptions.sty
Package: kvoptions 2022-06-15 v3.15 Key value format for package options (HO)
))
\c@section@level=\count324
)
\@linkdim=\dimen257
\Hy@linkcounter=\count325
\Hy@pagecounter=\count326
 (c:/texlive/2023/texmf-dist/tex/latex/hyperref/pd1enc.def
File: pd1enc.def 2023-04-22 v7.00x Hyperref: PDFDocEncoding definition (HO)
Now handling font encoding PD1 ...
... no UTF-8 mapping file for font encoding PD1
) (c:/texlive/2023/texmf-dist/tex/generic/intcalc/intcalc.sty
Package: intcalc 2019/12/15 v1.3 Expandable calculations with integers (HO)
)
\Hy@SavedSpaceFactor=\count327
 (c:/texlive/2023/texmf-dist/tex/latex/hyperref/puenc.def
File: puenc.def 2023-04-22 v7.00x Hyperref: PDF Unicode definition (HO)
Now handling font encoding PU ...
... no UTF-8 mapping file for font encoding PU
)
Package hyperref Info: Hyper figures OFF on input line 4182.
Package hyperref Info: Link nesting OFF on input line 4187.
Package hyperref Info: Hyper index ON on input line 4190.
Package hyperref Info: Plain pages OFF on input line 4197.
Package hyperref Info: Backreferencing OFF on input line 4202.
Package hyperref Info: Implicit mode ON; LaTeX internals redefined.
Package hyperref Info: Bookmarks ON on input line 4449.
\c@Hy@tempcnt=\count328
 (c:/texlive/2023/texmf-dist/tex/latex/url/url.sty
\Urlmuskip=\muskip16
Package: url 2013/09/16  ver 3.4  Verb mode for urls, etc.
)
LaTeX Info: Redefining \url on input line 4787.
\XeTeXLinkMargin=\dimen258
 (c:/texlive/2023/texmf-dist/tex/generic/bitset/bitset.sty
Package: bitset 2019/12/09 v1.3 Handle bit-vector datatype (HO)
 (c:/texlive/2023/texmf-dist/tex/generic/bigintcalc/bigintcalc.sty
Package: bigintcalc 2019/12/15 v1.5 Expandable calculations on big integers (HO)
))
\Fld@menulength=\count329
\Field@Width=\dimen259
\Fld@charsize=\dimen260
Package hyperref Info: Hyper figures OFF on input line 6066.
Package hyperref Info: Link nesting OFF on input line 6071.
Package hyperref Info: Hyper index ON on input line 6074.
Package hyperref Info: backreferencing OFF on input line 6081.
Package hyperref Info: Link coloring OFF on input line 6086.
Package hyperref Info: Link coloring with OCG OFF on input line 6091.
Package hyperref Info: PDF/A mode OFF on input line 6096.
 (c:/texlive/2023/texmf-dist/tex/latex/base/atbegshi-ltx.sty
Package: atbegshi-ltx 2021/01/10 v1.0c Emulation of the original atbegshi
package with kernel methods
)
\Hy@abspage=\count330
\c@Item=\count331
\c@Hfootnote=\count332
)
Package hyperref Info: Driver (autodetected): hpdftex.
 (c:/texlive/2023/texmf-dist/tex/latex/hyperref/hpdftex.def
File: hpdftex.def 2023-04-22 v7.00x Hyperref driver for pdfTeX
 (c:/texlive/2023/texmf-dist/tex/latex/base/atveryend-ltx.sty
Package: atveryend-ltx 2020/08/19 v1.0a Emulation of the original atveryend package
with kernel methods
)
\Fld@listcount=\count333
\c@bookmark@seq@number=\count334
 (c:/texlive/2023/texmf-dist/tex/latex/rerunfilecheck/rerunfilecheck.sty
Package: rerunfilecheck 2022-07-10 v1.10 Rerun checks for auxiliary files (HO)
 (c:/texlive/2023/texmf-dist/tex/generic/uniquecounter/uniquecounter.sty
Package: uniquecounter 2019/12/15 v1.4 Provide unlimited unique counter (HO)
)
Package uniquecounter Info: New unique counter `rerunfilecheck' on input line 285.
)
\Hy@SectionHShift=\skip193
) (c:/texlive/2023/texmf-dist/tex/latex/memoir/memhfixc.sty
Package: memhfixc 2022/11/17 v1.20 nameref/hyperref package fixes for memoir class

Redoing nameref's sectioning
Redoing nameref's label
LaTeX Info: Redefining \nameref on input line 106.
\c@memhycontfloat=\count335
\c@Hpagenote=\count336
)
Package hyperref Info: Option `colorlinks' set `true' on input line 21.
 (c:/texlive/2023/texmf-dist/tex/latex/graphics/rotating.sty
Package: rotating 2016/08/11 v2.16d rotated objects in LaTeX
 (c:/texlive/2023/texmf-dist/tex/latex/graphics/graphicx.sty
Package: graphicx 2021/09/16 v1.2d Enhanced LaTeX Graphics (DPC,SPQR)
 (c:/texlive/2023/texmf-dist/tex/latex/graphics/graphics.sty
Package: graphics 2022/03/10 v1.4e Standard LaTeX Graphics (DPC,SPQR)
 (c:/texlive/2023/texmf-dist/tex/latex/graphics/trig.sty
Package: trig 2021/08/11 v1.11 sin cos tan (DPC)
) (c:/texlive/2023/texmf-dist/tex/latex/graphics-cfg/graphics.cfg
File: graphics.cfg 2016/06/04 v1.11 sample graphics configuration
)
Package graphics Info: Driver file: pdftex.def on input line 107.
 (c:/texlive/2023/texmf-dist/tex/latex/graphics-def/pdftex.def
File: pdftex.def 2022/09/22 v1.2b Graphics/color driver for pdftex
))
\Gin@req@height=\dimen261
\Gin@req@width=\dimen262
)
\c@r@tfl@t=\count337
\rotFPtop=\skip194
\rotFPbot=\skip195
\rot@float@box=\box58
\rot@mess@toks=\toks34
) (c:/texlive/2023/texmf-dist/tex/latex/float/float.sty
Package: float 2001/11/08 v1.3d Float enhancements (AL)
\c@float@type=\count338
\float@exts=\toks35
\float@box=\box59
\@float@everytoks=\toks36
\@floatcapt=\box60
) (c:/texlive/2023/texmf-dist/tex/latex/biblatex/biblatex.sty
Package: biblatex 2023/03/05 v3.19 programmable bibliographies (PK/MW)
 (c:/texlive/2023/texmf-dist/tex/latex/logreq/logreq.sty
Package: logreq 2010/08/04 v1.0 xml request logger
\lrq@indent=\count339
 (c:/texlive/2023/texmf-dist/tex/latex/logreq/logreq.def
File: logreq.def 2010/08/04 v1.0 logreq spec v1.0
))
\c@tabx@nest=\count340
\c@listtotal=\count341
\c@listcount=\count342
\c@liststart=\count343
\c@liststop=\count344
\c@citecount=\count345
\c@citetotal=\count346
\c@multicitecount=\count347
\c@multicitetotal=\count348
\c@instcount=\count349
\c@maxnames=\count350
\c@minnames=\count351
\c@maxitems=\count352
\c@minitems=\count353
\c@citecounter=\count354
\c@maxcitecounter=\count355
\c@savedcitecounter=\count356
\c@uniquelist=\count357
\c@uniquename=\count358
\c@refsection=\count359
\c@refsegment=\count360
\c@maxextratitle=\count361
\c@maxextratitleyear=\count362
\c@maxextraname=\count363
\c@maxextradate=\count364
\c@maxextraalpha=\count365
\c@abbrvpenalty=\count366
\c@highnamepenalty=\count367
\c@lownamepenalty=\count368
\c@maxparens=\count369
\c@parenlevel=\count370
\blx@tempcnta=\count371
\blx@tempcntb=\count372
\blx@tempcntc=\count373
\c@blx@maxsection=\count374
\blx@maxsegment@0=\count375
\blx@notetype=\count376
\blx@parenlevel@text=\count377
\blx@parenlevel@foot=\count378
\blx@sectionciteorder@0=\count379
\blx@sectionciteorderinternal@0=\count380
\blx@entrysetcounter=\count381
\blx@biblioinstance=\count382
\labelnumberwidth=\skip196
\labelalphawidth=\skip197
\biblabelsep=\skip198
\bibnamesep=\skip199
\bibinitsep=\skip256
\bibparsep=\skip257
\bibhang=\skip258
\blx@bcfin=\read4
\blx@bcfout=\write4
\blx@langwohyphens=\language47
\c@mincomprange=\count383
\c@maxcomprange=\count384
\c@mincompwidth=\count385
Package biblatex Info: Trying to load biblatex default data model...
Package biblatex Info: ... file 'blx-dm.def' found.
 (c:/texlive/2023/texmf-dist/tex/latex/biblatex/blx-dm.def
File: blx-dm.def 2023/03/05 v3.19 biblatex localization (PK/MW)
)
Package biblatex Info: Trying to load biblatex style data model...
Package biblatex Info: ... file 'chem-angew.dbx' not found.
Package biblatex Info: Trying to load biblatex custom data model...
Package biblatex Info: ... file 'biblatex-dm.cfg' not found.
\c@afterword=\count386
\c@savedafterword=\count387
\c@annotator=\count388
\c@savedannotator=\count389
\c@author=\count390
\c@savedauthor=\count391
\c@bookauthor=\count392
\c@savedbookauthor=\count393
\c@commentator=\count394
\c@savedcommentator=\count395
\c@editor=\count396
\c@savededitor=\count397
\c@editora=\count398
\c@savededitora=\count399
\c@editorb=\count400
\c@savededitorb=\count401
\c@editorc=\count402
\c@savededitorc=\count403
\c@foreword=\count404
\c@savedforeword=\count405
\c@holder=\count406
\c@savedholder=\count407
\c@introduction=\count408
\c@savedintroduction=\count409
\c@namea=\count410
\c@savednamea=\count411
\c@nameb=\count412
\c@savednameb=\count413
\c@namec=\count414
\c@savednamec=\count415
\c@translator=\count416
\c@savedtranslator=\count417
\c@shortauthor=\count418
\c@savedshortauthor=\count419
\c@shorteditor=\count420
\c@savedshorteditor=\count421
\c@labelname=\count422
\c@savedlabelname=\count423
\c@institution=\count424
\c@savedinstitution=\count425
\c@lista=\count426
\c@savedlista=\count427
\c@listb=\count428
\c@savedlistb=\count429
\c@listc=\count430
\c@savedlistc=\count431
\c@listd=\count432
\c@savedlistd=\count433
\c@liste=\count434
\c@savedliste=\count435
\c@listf=\count436
\c@savedlistf=\count437
\c@location=\count438
\c@savedlocation=\count439
\c@organization=\count440
\c@savedorganization=\count441
\c@origlocation=\count442
\c@savedoriglocation=\count443
\c@origpublisher=\count444
\c@savedorigpublisher=\count445
\c@publisher=\count446
\c@savedpublisher=\count447
\c@language=\count448
\c@savedlanguage=\count449
\c@origlanguage=\count450
\c@savedoriglanguage=\count451
\c@pageref=\count452
\c@savedpageref=\count453
\shorthandwidth=\skip259
\shortjournalwidth=\skip260
\shortserieswidth=\skip261
\shorttitlewidth=\skip262
\shortauthorwidth=\skip263
\shorteditorwidth=\skip264
\locallabelnumberwidth=\skip265
\locallabelalphawidth=\skip266
\localshorthandwidth=\skip267
\localshortjournalwidth=\skip268
\localshortserieswidth=\skip269
\localshorttitlewidth=\skip270
\localshortauthorwidth=\skip271
\localshorteditorwidth=\skip272
Package biblatex Info: Trying to load compatibility code...
Package biblatex Info: ... file 'blx-compat.def' found.
 (c:/texlive/2023/texmf-dist/tex/latex/biblatex/blx-compat.def
File: blx-compat.def 2023/03/05 v3.19 biblatex compatibility (PK/MW)
)
Package biblatex Info: Trying to load generic definitions...
Package biblatex Info: ... file 'biblatex.def' found.
 (c:/texlive/2023/texmf-dist/tex/latex/biblatex/biblatex.def
File: biblatex.def 2023/03/05 v3.19 biblatex compatibility (PK/MW)
\c@textcitecount=\count454
\c@textcitetotal=\count455
\c@textcitemaxnames=\count456
\c@biburlbigbreakpenalty=\count457
\c@biburlbreakpenalty=\count458
\c@biburlnumpenalty=\count459
\c@biburlucpenalty=\count460
\c@biburllcpenalty=\count461
\biburlbigskip=\muskip17
\biburlnumskip=\muskip18
\biburlucskip=\muskip19
\biburllcskip=\muskip20
\c@smartand=\count462
)
Package biblatex Info: Trying to load bibliography style 'chem-angew'...
Package biblatex Info: ... file 'chem-angew.bbx' found.
 (c:/texlive/2023/texmf-dist/tex/latex/biblatex-chem/chem-angew.bbx
File: chem-angew.bbx 2021/02/24 v1.1z biblatex bibliography style
Package biblatex Info: Trying to load bibliography style 'numeric-comp'...
Package biblatex Info: ... file 'numeric-comp.bbx' found.
 (c:/texlive/2023/texmf-dist/tex/latex/biblatex/bbx/numeric-comp.bbx
File: numeric-comp.bbx 2023/03/05 v3.19 biblatex bibliography style (PK/MW)
Package biblatex Info: Trying to load bibliography style 'numeric'...
Package biblatex Info: ... file 'numeric.bbx' found.
 (c:/texlive/2023/texmf-dist/tex/latex/biblatex/bbx/numeric.bbx
File: numeric.bbx 2023/03/05 v3.19 biblatex bibliography style (PK/MW)
Package biblatex Info: Trying to load bibliography style 'standard'...
Package biblatex Info: ... file 'standard.bbx' found.
 (c:/texlive/2023/texmf-dist/tex/latex/biblatex/bbx/standard.bbx
File: standard.bbx 2023/03/05 v3.19 biblatex bibliography style (PK/MW)
\c@bbx:relatedcount=\count463
\c@bbx:relatedtotal=\count464
))))
Package biblatex Info: Trying to load citation style 'chem-angew'...
Package biblatex Info: ... file 'chem-angew.cbx' found.
 (c:/texlive/2023/texmf-dist/tex/latex/biblatex-chem/chem-angew.cbx
File: chem-angew.cbx 2021/02/24 v1.1z biblatex citation style
Package biblatex Info: Trying to load citation style 'numeric-comp'...
Package biblatex Info: ... file 'numeric-comp.cbx' found.
 (c:/texlive/2023/texmf-dist/tex/latex/biblatex/cbx/numeric-comp.cbx
File: numeric-comp.cbx 2023/03/05 v3.19 biblatex citation style (PK/MW)
\c@cbx@tempcnta=\count465
\c@cbx@tempcntb=\count466
\c@cbx@tempcntc=\count467
\c@cbx@tempcntd=\count468
Package biblatex Info: Redefining '\cite'.
Package biblatex Info: Redefining '\parencite'.
Package biblatex Info: Redefining '\footcite'.
Package biblatex Info: Redefining '\footcitetext'.
Package biblatex Info: Redefining '\smartcite'.
Package biblatex Info: Redefining '\supercite'.
Package biblatex Info: Redefining '\textcite'.
Package biblatex Info: Redefining '\textcites'.
Package biblatex Info: Redefining '\cites'.
Package biblatex Info: Redefining '\parencites'.
Package biblatex Info: Redefining '\smartcites'.
)
Package biblatex Info: Redefining '\supercite'.
)
Package biblatex Info: Trying to load configuration file...
Package biblatex Info: ... file 'biblatex.cfg' found.
 (c:/texlive/2023/texmf-dist/tex/latex/biblatex/biblatex.cfg
File: biblatex.cfg 
)
Package biblatex Info: Input encoding 'utf8' detected.
Package biblatex Info: Document encoding is UTF8 ....
 (c:/texlive/2023/texmf-dist/tex/latex/l3kernel/expl3.sty
Package: expl3 2023-05-15 L3 programming layer (loader) 
 (c:/texlive/2023/texmf-dist/tex/latex/l3backend/l3backend-pdftex.def
File: l3backend-pdftex.def 2023-04-19 L3 backend support: PDF output (pdfTeX)
\l__color_backend_stack_int=\count469
\l__pdf_internal_box=\box61
))
Package biblatex Info: ... and expl3
(biblatex)             2023-05-15 L3 programming layer (loader) 
(biblatex)             is new enough (at least 2020/04/06),
(biblatex)             setting 'casechanger=expl3'.
 (c:/texlive/2023/texmf-dist/tex/latex/biblatex/blx-case-expl3.sty (c:/texlive/2023/texmf-dist/tex/latex/l3packages/xparse/xparse.sty
Package: xparse 2023-02-02 L3 Experimental document command parser
)
Package: blx-case-expl3 2023/03/05 v3.19 expl3 case changing code for biblatex
)) (c:/texlive/2023/texmf-dist/tex/latex/ragged2e/ragged2e.sty
Package: ragged2e 2023/04/04 v3.5 ragged2e Package
\CenteringLeftskip=\skip273
\RaggedLeftLeftskip=\skip274
\RaggedRightLeftskip=\skip275
\CenteringRightskip=\skip276
\RaggedLeftRightskip=\skip277
\RaggedRightRightskip=\skip278
\CenteringParfillskip=\skip279
\RaggedLeftParfillskip=\skip280
\RaggedRightParfillskip=\skip281
\JustifyingParfillskip=\skip282
\CenteringParindent=\skip283
\RaggedLeftParindent=\skip284
\RaggedRightParindent=\skip285
\JustifyingParindent=\skip286
) (c:/texlive/2023/texmf-dist/tex/latex/amsmath/amsmath.sty
Package: amsmath 2022/04/08 v2.17n AMS math features
\@mathmargin=\skip287

For additional information on amsmath, use the `?' option.
(c:/texlive/2023/texmf-dist/tex/latex/amsmath/amstext.sty
Package: amstext 2021/08/26 v2.01 AMS text
 (c:/texlive/2023/texmf-dist/tex/latex/amsmath/amsgen.sty
File: amsgen.sty 1999/11/30 v2.0 generic functions
\@emptytoks=\toks37
\ex@=\dimen263
)) (c:/texlive/2023/texmf-dist/tex/latex/amsmath/amsbsy.sty
Package: amsbsy 1999/11/29 v1.2d Bold Symbols
\pmbraise@=\dimen264
) (c:/texlive/2023/texmf-dist/tex/latex/amsmath/amsopn.sty
Package: amsopn 2022/04/08 v2.04 operator names
)
\inf@bad=\count470
LaTeX Info: Redefining \frac on input line 234.
\uproot@=\count471
\leftroot@=\count472
LaTeX Info: Redefining \overline on input line 399.
LaTeX Info: Redefining \colon on input line 410.
\classnum@=\count473
\DOTSCASE@=\count474
LaTeX Info: Redefining \ldots on input line 496.
LaTeX Info: Redefining \dots on input line 499.
LaTeX Info: Redefining \cdots on input line 620.
\Mathstrutbox@=\box62
\strutbox@=\box63
LaTeX Info: Redefining \big on input line 722.
LaTeX Info: Redefining \Big on input line 723.
LaTeX Info: Redefining \bigg on input line 724.
LaTeX Info: Redefining \Bigg on input line 725.
\big@size=\dimen265
LaTeX Font Info:    Redeclaring font encoding OML on input line 743.
LaTeX Font Info:    Redeclaring font encoding OMS on input line 744.
\macc@depth=\count475
LaTeX Info: Redefining \bmod on input line 905.
LaTeX Info: Redefining \pmod on input line 910.
LaTeX Info: Redefining \smash on input line 940.
LaTeX Info: Redefining \relbar on input line 970.
LaTeX Info: Redefining \Relbar on input line 971.
\c@MaxMatrixCols=\count476
\dotsspace@=\muskip21
\c@parentequation=\count477
\dspbrk@lvl=\count478
\tag@help=\toks38
\row@=\count479
\column@=\count480
\maxfields@=\count481
\andhelp@=\toks39
\eqnshift@=\dimen266
\alignsep@=\dimen267
\tagshift@=\dimen268
\tagwidth@=\dimen269
\totwidth@=\dimen270
\lineht@=\dimen271
\@envbody=\toks40
\multlinegap=\skip288
\multlinetaggap=\skip289
\mathdisplay@stack=\toks41
LaTeX Info: Redefining \[ on input line 2953.
LaTeX Info: Redefining \] on input line 2954.
) (c:/texlive/2023/texmf-dist/tex/latex/base/textcomp.sty
Package: textcomp 2020/02/02 v2.0n Standard LaTeX package
) (c:/texlive/2023/texmf-dist/tex/latex/gensymb/gensymb.sty
Package: gensymb 2022/10/17 v1.0.2 (KJH)
) (c:/texlive/2023/texmf-dist/tex/latex/graphics/lscape.sty
Package: lscape 2020/05/28 v3.02 Landscape Pages (DPC)
) (c:/texlive/2023/texmf-dist/tex/latex/multirow/multirow.sty
Package: multirow 2021/03/15 v2.8 Span multiple rows of a table
\multirow@colwidth=\skip290
\multirow@cntb=\count482
\multirow@dima=\skip291
\bigstrutjot=\dimen272
) (c:/texlive/2023/texmf-dist/tex/latex/caption/subcaption.sty
Package: subcaption 2023/02/19 v1.6 Sub-captions (AR)
 (c:/texlive/2023/texmf-dist/tex/latex/caption/caption.sty
Package: caption 2023/03/12 v3.6j Customizing captions (AR)
 (c:/texlive/2023/texmf-dist/tex/latex/caption/caption3.sty
Package: caption3 2023/03/12 v2.4 caption3 kernel (AR)
\caption@tempdima=\dimen273
\captionmargin=\dimen274
\caption@leftmargin=\dimen275
\caption@rightmargin=\dimen276
\caption@width=\dimen277
\caption@indent=\dimen278
\caption@parindent=\dimen279
\caption@hangindent=\dimen280
Package caption Info: memoir document class detected.
 (c:/texlive/2023/texmf-dist/tex/latex/caption/caption-memoir.sto
File: caption-memoir.sto 2022/03/02 v2.2b Adaption of the caption package to the memoir document class (AR)
))
\c@caption@flags=\count483
\c@continuedfloat=\count484
Package caption Info: changepage package is loaded.
\caption@adjustwidth@hsize=\dimen281
\caption@adjustwidth@linewidth=\dimen282
Package caption Info: float package is loaded.
Package caption Info: hyperref package is loaded.
Package caption Info: rotating package is loaded.
)
Package caption Info: New subtype `subfigure' on input line 239.
\c@subfigure=\count485
Package caption Info: New subtype `subtable' on input line 239.
\c@subtable=\count486
) (c:/texlive/2023/texmf-dist/tex/latex/bbm-macros/bbm.sty
Package: bbm 1999/03/15 V 1.2 provides fonts for set symbols - TH
LaTeX Font Info:    Overwriting math alphabet `\mathbbm' in version `bold'
(Font)                  U/bbm/m/n --> U/bbm/bx/n on input line 33.
LaTeX Font Info:    Overwriting math alphabet `\mathbbmss' in version `bold'
(Font)                  U/bbmss/m/n --> U/bbmss/bx/n on input line 35.
) (c:/texlive/2023/texmf-dist/tex/latex/tablefootnote/tablefootnote.sty
Package: tablefootnote 2014/01/26 v1.1c Table foot notes (HMM)
 (c:/texlive/2023/texmf-dist/tex/latex/xifthen/xifthen.sty
Package: xifthen 2015/11/05 v1.4.0 Extended ifthen features
 (c:/texlive/2023/texmf-dist/tex/latex/tools/calc.sty
Package: calc 2017/05/25 v4.3 Infix arithmetic (KKT,FJ)
\calc@Acount=\count487
\calc@Bcount=\count488
\calc@Adimen=\dimen283
\calc@Bdimen=\dimen284
\calc@Askip=\skip292
\calc@Bskip=\skip293
LaTeX Info: Redefining \setlength on input line 80.
LaTeX Info: Redefining \addtolength on input line 81.
\calc@Ccount=\count489
\calc@Cskip=\skip294
))) (c:/texlive/2023/texmf-dist/tex/latex/tools/afterpage.sty
Package: afterpage 2014/10/28 v1.08 After-Page Package (DPC)
\AP@output=\toks42
\AP@partial=\box64
\AP@footins=\box65
) (c:/texlive/2023/texmf-dist/tex/latex/titlesec/titlesec.sty
Package: titlesec 2021/07/05 v2.14 Sectioning titles
\ttl@box=\box66
\beforetitleunit=\skip295
\aftertitleunit=\skip296
\ttl@plus=\dimen285
\ttl@minus=\dimen286
\ttl@toksa=\toks43
\titlewidth=\dimen287
\titlewidthlast=\dimen288
\titlewidthfirst=\dimen289
) (c:/texlive/2023/texmf-dist/tex/latex/fancyhdr/fancyhdr.sty
Package: fancyhdr 2022/11/09 v4.1 Extensive control of page headers and footers
\f@nch@headwidth=\skip297
\f@nch@O@elh=\skip298
\f@nch@O@erh=\skip299
\f@nch@O@olh=\skip300
\f@nch@O@orh=\skip301
\f@nch@O@elf=\skip302
\f@nch@O@erf=\skip303
\f@nch@O@olf=\skip304
\f@nch@O@orf=\skip305
)
Package csquotes Info: Checking for multilingual support...
Package csquotes Info: ... found 'babel' package.
Package csquotes Info: Adjusting default style.
Package csquotes Info: Redefining alias 'default' -> 'english'.
LaTeX Font Info:    Trying to load font information for T1+ptm on input line 83.
 (c:/texlive/2023/texmf-dist/tex/latex/psnfss/t1ptm.fd
File: t1ptm.fd 2001/06/04 font definitions for T1/ptm.
) (./phdthesis.aux (./certificate.aux) (./declaration.aux) (./Acknowledgements/acknowledgement.aux) (./Introduction/introduction_new.aux) (./Methods/methods_final.aux) (./Chapter1/chapter1.aux

LaTeX Warning: Label `tab:my_label' multiply defined.


LaTeX Warning: Label `tab:my_label' multiply defined.


LaTeX Warning: Label `tab:my_label' multiply defined.

) (./Chapter2/chapter2.aux) (./Chapter3/chapter3.aux) (./Chapter4/chapter4.aux

LaTeX Warning: Label `tab:my-table' multiply defined.

) (./Appendix/appendix_a.aux) (./Appendix/appendix_b.aux) (./Appendix/appendix_c.aux) (./Appendix/appendix_d.aux))
\openout1 = `phdthesis.aux'.

LaTeX Font Info:    Checking defaults for OML/cmm/m/it on input line 83.
LaTeX Font Info:    ... okay on input line 83.
LaTeX Font Info:    Checking defaults for OMS/cmsy/m/n on input line 83.
LaTeX Font Info:    ... okay on input line 83.
LaTeX Font Info:    Checking defaults for OT1/cmr/m/n on input line 83.
LaTeX Font Info:    ... okay on input line 83.
LaTeX Font Info:    Checking defaults for T1/cmr/m/n on input line 83.
LaTeX Font Info:    ... okay on input line 83.
LaTeX Font Info:    Checking defaults for TS1/cmr/m/n on input line 83.
LaTeX Font Info:    ... okay on input line 83.
LaTeX Font Info:    Checking defaults for OMX/cmex/m/n on input line 83.
LaTeX Font Info:    ... okay on input line 83.
LaTeX Font Info:    Checking defaults for U/cmr/m/n on input line 83.
LaTeX Font Info:    ... okay on input line 83.
LaTeX Font Info:    Checking defaults for PD1/pdf/m/n on input line 83.
LaTeX Font Info:    ... okay on input line 83.
LaTeX Font Info:    Checking defaults for PU/pdf/m/n on input line 83.
LaTeX Font Info:    ... okay on input line 83.

*geometry* driver: auto-detecting
*geometry* detected driver: pdftex
*geometry* verbose mode - [ preamble ] result:
* driver: pdftex
* paper: a4paper
* layout: <same size as paper>
* layoutoffset:(h,v)=(0.0pt,0.0pt)
* vratio: 1:1
* bindingoffset: 17.07164pt
* modes: twoside 
* h-part:(L,W,R)=(69.65305pt, 406.30359pt, 104.4796pt)
* v-part:(T,H,B)=(126.75832pt, 591.5302pt, 126.75833pt)
* \paperwidth=597.50787pt
* \paperheight=845.04684pt
* \textwidth=406.30359pt
* \textheight=591.5302pt
* \oddsidemargin=14.4547pt
* \evensidemargin=32.20961pt
* \topmargin=13.60045pt
* \headheight=41.48592pt
* \headsep=10.88788pt
* \topskip=11.0pt
* \footskip=27.46295pt
* \marginparwidth=111.0pt
* \marginparsep=7.0pt
* \columnsep=10.0pt
* \skip\footins=12.0pt plus 4.0pt minus 4.0pt
* \hoffset=0.0pt
* \voffset=0.0pt
* \mag=1000
* \@twocolumnfalse
* \@twosidetrue
* \@mparswitchtrue
* \@reversemarginfalse
* (1in=72.27pt=25.4mm, 1cm=28.453pt)

LaTeX Info: Redefining \microtypecontext on input line 83.
Package microtype Info: Applying patch `item' on input line 83.
Package microtype Info: Applying patch `toc' on input line 83.
Package microtype Info: Applying patch `eqnum' on input line 83.
Package microtype Info: Applying patch `footnote' on input line 83.
Package microtype Info: Applying patch `verbatim' on input line 83.
Package microtype Info: Generating PDF output.
Package microtype Info: Character protrusion enabled (level 2).
Package microtype Info: Using default protrusion set `alltext'.
Package microtype Info: Automatic font expansion enabled (level 2),
(microtype)             stretch: 20, shrink: 20, step: 1, non-selected.
Package microtype Info: Using default expansion set `alltext-nott'.
LaTeX Info: Redefining \showhyphens on input line 83.
Package microtype Info: No adjustment of tracking.
Package microtype Info: No adjustment of interword spacing.
Package microtype Info: No adjustment of character kerning.
(c:/texlive/2023/texmf-dist/tex/latex/microtype/mt-ptm.cfg
File: mt-ptm.cfg 2006/04/20 v1.7 microtype config. file: Times (RS)
) (c:/texlive/2023/texmf-dist/tex/latex/graphics/color.sty
Package: color 2022/01/06 v1.3d Standard LaTeX Color (DPC)
 (c:/texlive/2023/texmf-dist/tex/latex/graphics-cfg/color.cfg
File: color.cfg 2016/01/02 v1.6 sample color configuration
)
Package color Info: Driver file: pdftex.def on input line 149.
 (c:/texlive/2023/texmf-dist/tex/latex/graphics/mathcolor.ltx))
Package hyperref Info: Link coloring ON on input line 83.
 (./phdthesis.out) (./phdthesis.out)
\@outlinefile=\write5
\openout5 = `phdthesis.out'.

 (c:/texlive/2023/texmf-dist/tex/context/base/mkii/supp-pdf.mkii
[Loading MPS to PDF converter (version 2006.09.02).]
\scratchcounter=\count490
\scratchdimen=\dimen290
\scratchbox=\box67
\nofMPsegments=\count491
\nofMParguments=\count492
\everyMPshowfont=\toks44
\MPscratchCnt=\count493
\MPscratchDim=\dimen291
\MPnumerator=\count494
\makeMPintoPDFobject=\count495
\everyMPtoPDFconversion=\toks45
) (c:/texlive/2023/texmf-dist/tex/latex/epstopdf-pkg/epstopdf-base.sty
Package: epstopdf-base 2020-01-24 v2.11 Base part for package epstopdf
Package epstopdf-base Info: Redefining graphics rule for `.eps' on input line 485.
 (c:/texlive/2023/texmf-dist/tex/latex/latexconfig/epstopdf-sys.cfg
File: epstopdf-sys.cfg 2010/07/13 v1.3 Configuration of (r)epstopdf for TeX Live
))
Package biblatex Info: Trying to load language 'english'...
Package biblatex Info: ... file 'english.lbx' found.
 (c:/texlive/2023/texmf-dist/tex/latex/biblatex/lbx/english.lbx
File: english.lbx 2023/03/05 v3.19 biblatex localization (PK/MW)
)
Package biblatex Info: Input encoding 'utf8' detected.
Package biblatex Info: Automatic encoding selection.
(biblatex)             Assuming data encoding 'utf8'.
\openout4 = `phdthesis.bcf'.

Package biblatex Info: Trying to load bibliographic data...
Package biblatex Info: ... file 'phdthesis.bbl' found.
 (./phdthesis.bbl)
Package biblatex Info: Reference section=0 on input line 83.
Package biblatex Info: Reference segment=0 on input line 83.
\symgns@font=\mathgroup6
LaTeX Font Info:    Overwriting symbol font `gns@font' in version `bold'
(Font)                  TS1/ptm/m/n --> TS1/ptm/b/n on input line 83.
Package gensymb Info: Math companion symbols declared on input line 83.
LaTeX Info: Redefining \degree on input line 83.
LaTeX Info: Redefining \celsius on input line 83.
Package gensymb Info: Using text companion symbols for \degree, \celsius and \perthousand on input line 83.
LaTeX Info: Redefining \ohm on input line 83.
Package gensymb Info: Using \textohm for \ohm on input line 83.
Package gensymb Info: Using \textmu for \micro on input line 83.
Package caption Info: Begin \AtBeginDocument code.
Package caption Info: End \AtBeginDocument code.
<iitgnlogo-emblem.png, id=176, 1774.63pt x 1770.615pt>
File: iitgnlogo-emblem.png Graphic file (type png)
<use iitgnlogo-emblem.png>
Package pdftex.def Info: iitgnlogo-emblem.png  used on input line 87.
(pdftex.def)             Requested size: 81.25948pt x 81.05212pt.
 [1

{c:/texlive/2023/texmf-var/fonts/map/pdftex/updmap/pdftex.map}{c:/texlive/2023/texmf-dist/fonts/enc/dvips/base/8r.enc} <./iitgnlogo-emblem.png>] [2

]
\openout2 = `certificate.aux'.

 (./certificate.tex) [1


] [3

]
\openout2 = `declaration.aux'.

 (./declaration.tex) [4


] [6

]
\openout2 = `Acknowledgements/acknowledgement.aux'.

 (./Acknowledgements/acknowledgement.tex
LaTeX Font Info:    Trying to load font information for OT1+ztmcm on input line 12.
 (c:/texlive/2023/texmf-dist/tex/latex/psnfss/ot1ztmcm.fd
File: ot1ztmcm.fd 2000/01/03 Fontinst v1.801 font definitions for OT1/ztmcm.
)
Package microtype Info: Loading generic protrusion settings for font family
(microtype)             `ztmcm' (encoding: OT1).
(microtype)             For optimal results, create family-specific settings.
(microtype)             See the microtype manual for details.
LaTeX Font Info:    Trying to load font information for OML+ztmcm on input line 12.
 (c:/texlive/2023/texmf-dist/tex/latex/psnfss/omlztmcm.fd
File: omlztmcm.fd 2000/01/03 Fontinst v1.801 font definitions for OML/ztmcm.
)
LaTeX Font Info:    Trying to load font information for OMS+ztmcm on input line 12.
 (c:/texlive/2023/texmf-dist/tex/latex/psnfss/omsztmcm.fd
File: omsztmcm.fd 2000/01/03 Fontinst v1.801 font definitions for OMS/ztmcm.
)
LaTeX Font Info:    Trying to load font information for OMX+ztmcm on input line 12.
 (c:/texlive/2023/texmf-dist/tex/latex/psnfss/omxztmcm.fd
File: omxztmcm.fd 2000/01/03 Fontinst v1.801 font definitions for OMX/ztmcm.
)
LaTeX Font Info:    Trying to load font information for OT1+ptm on input line 12.
 (c:/texlive/2023/texmf-dist/tex/latex/psnfss/ot1ptm.fd
File: ot1ptm.fd 2001/06/04 font definitions for OT1/ptm.
)
LaTeX Font Info:    Font shape `OT1/ptm/bx/n' in size <10.95> not available
(Font)              Font shape `OT1/ptm/b/n' tried instead on input line 12.
LaTeX Font Info:    Font shape `OT1/ptm/bx/n' in size <8> not available
(Font)              Font shape `OT1/ptm/b/n' tried instead on input line 12.
LaTeX Font Info:    Font shape `OT1/ptm/bx/n' in size <6> not available
(Font)              Font shape `OT1/ptm/b/n' tried instead on input line 12.
LaTeX Font Info:    Trying to load font information for TS1+ptm on input line 12.
 (c:/texlive/2023/texmf-dist/tex/latex/psnfss/ts1ptm.fd
File: ts1ptm.fd 2001/06/04 font definitions for TS1/ptm.
)
Underfull \vbox (badness 10000) has occurred while \output is active []

 [7



]) [8] (./phdthesis.lof [9


]
Underfull \vbox (badness 2635) has occurred while \output is active []

 [10]
Underfull \vbox (badness 10000) has occurred while \output is active []

 [11]
Underfull \vbox (badness 6252) has occurred while \output is active []

 [12]
Package textcomp Info: Symbol \textasciiacute not provided by
(textcomp)             font family ptm in TS1 encoding.
(textcomp)             Default family used instead on input line 69.
 (c:/texlive/2023/texmf-dist/tex/latex/microtype/mt-cmr.cfg
File: mt-cmr.cfg 2013/05/19 v2.2 microtype config. file: Computer Modern Roman (RS)
)
Underfull \vbox (badness 10000) has occurred while \output is active []

 [13{c:/texlive/2023/texmf-dist/fonts/enc/dvips/cm-super/cm-super-ts1.enc}]) [14] (./phdthesis.lot
Underfull \vbox (badness 10000) has occurred while \output is active []

 [15]) [16] (./phdthesis.toc
Underfull \vbox (badness 4454) has occurred while \output is active []

 [17]) [18]
\openout2 = `Introduction/introduction_new.aux'.

 (./Introduction/introduction_new.tex
LaTeX Font Info:    Font shape `OT1/ptm/bx/n' in size <20.74> not available
(Font)              Font shape `OT1/ptm/b/n' tried instead on input line 1.
LaTeX Font Info:    Font shape `OT1/ptm/bx/n' in size <14.4> not available
(Font)              Font shape `OT1/ptm/b/n' tried instead on input line 1.
LaTeX Font Info:    Font shape `OT1/ptm/bx/n' in size <12> not available
(Font)              Font shape `OT1/ptm/b/n' tried instead on input line 1.
LaTeX Font Info:    Font shape `OT1/ptm/bx/n' in size <9> not available
(Font)              Font shape `OT1/ptm/b/n' tried instead on input line 1.
LaTeX Font Info:    Font shape `OT1/ptm/bx/n' in size <7> not available
(Font)              Font shape `OT1/ptm/b/n' tried instead on input line 1.
LaTeX Font Info:    Font shape `OT1/ptm/bx/n' in size <5> not available
(Font)              Font shape `OT1/ptm/b/n' tried instead on input line 1.

pdfTeX warning (ext4): destination with the same identifier (name{page.1}) has been already used, duplicate ignored
<to be read again> 
                   \relax 
l.9     \item
              Self-assemblies driven by hydrophobic interactions, as observe... [1



]
<Introduction/Figures/Untitled_new.png, id=656, 232.9503pt x 200.6697pt>
File: Introduction/Figures/Untitled_new.png Graphic file (type png)
<use Introduction/Figures/Untitled_new.png>
Package pdftex.def Info: Introduction/Figures/Untitled_new.png  used on input line 16.
(pdftex.def)             Requested size: 325.0441pt x 280.01398pt.


LaTeX Warning: `h' float specifier changed to `ht'.


pdfTeX warning (ext4): destination with the same identifier (name{page.2}) has been already used, duplicate ignored
<to be read again> 
                   \relax 
l.26 
      [2]
Underfull \vbox (badness 10000) has occurred while \output is active []

 [3 <./Introduction/Figures/Untitled_new.png>]
Underfull \vbox (badness 10000) has occurred while \output is active []

 [4]
Underfull \vbox (badness 2772) has occurred while \output is active []

 [5]
<Introduction/Figures/Figure2.png, id=747, 120.45pt x 103.587pt>
File: Introduction/Figures/Figure2.png Graphic file (type png)
<use Introduction/Figures/Figure2.png>
Package pdftex.def Info: Introduction/Figures/Figure2.png  used on input line 54.
(pdftex.def)             Requested size: 120.44969pt x 103.58675pt.
 [6 <./Introduction/Figures/Figure2.png>]
<Introduction/Figures/Figure3.png, id=762, 240.9pt x 166.4619pt>
File: Introduction/Figures/Figure3.png Graphic file (type png)
<use Introduction/Figures/Figure3.png>
Package pdftex.def Info: Introduction/Figures/Figure3.png  used on input line 67.
(pdftex.def)             Requested size: 240.8994pt x 166.46147pt.

Underfull \vbox (badness 10000) has occurred while \output is active []

 [7]
Underfull \vbox (badness 1648) has occurred while \output is active []

 [8 <./Introduction/Figures/Figure3.png (PNG copy)>]
Underfull \vbox (badness 1509) has occurred while \output is active []

 [9] [10]
<Introduction/Figures/Figure12_crop.png, id=813, 718.79971pt x 138.34543pt>
File: Introduction/Figures/Figure12_crop.png Graphic file (type png)
<use Introduction/Figures/Figure12_crop.png>
Package pdftex.def Info: Introduction/Figures/Figure12_crop.png  used on input line 114.
(pdftex.def)             Requested size: 406.30359pt x 78.20119pt.

Underfull \vbox (badness 10000) has occurred while \output is active []

 [11 <./Introduction/Figures/Figure12_crop.png>]
Underfull \vbox (badness 10000) has occurred while \output is active []

 [12]
<Introduction/Figures/Figure4.png, id=836, 445.30365pt x 217.65315pt>
File: Introduction/Figures/Figure4.png Graphic file (type png)
<use Introduction/Figures/Figure4.png>
Package pdftex.def Info: Introduction/Figures/Figure4.png  used on input line 140.
(pdftex.def)             Requested size: 406.30359pt x 198.59937pt.
 [13]
Underfull \vbox (badness 1210) has occurred while \output is active []

 [14 <./Introduction/Figures/Figure4.png>]
<Introduction/Figures/Figure5.png, id=858, 578.16pt x 314.17375pt>
File: Introduction/Figures/Figure5.png Graphic file (type png)
<use Introduction/Figures/Figure5.png>
Package pdftex.def Info: Introduction/Figures/Figure5.png  used on input line 153.
(pdftex.def)             Requested size: 406.30359pt x 220.78302pt.

Underfull \vbox (badness 10000) has occurred while \output is active []

 [15 <./Introduction/Figures/Figure5.png>]
<Introduction/Figures/figure_cytosine.png, id=874, 171.2799pt x 113.223pt>
File: Introduction/Figures/figure_cytosine.png Graphic file (type png)
<use Introduction/Figures/figure_cytosine.png>
Package pdftex.def Info: Introduction/Figures/figure_cytosine.png  used on input line 166.
(pdftex.def)             Requested size: 406.30359pt x 268.62926pt.

Underfull \vbox (badness 10000) has occurred while \output is active []

 [16 <./Introduction/Figures/figure_cytosine.png>]
<Introduction/Figures/Figure17.png, id=888, 473.77pt x 422.57875pt>
File: Introduction/Figures/Figure17.png Graphic file (type png)
<use Introduction/Figures/Figure17.png>
Package pdftex.def Info: Introduction/Figures/Figure17.png  used on input line 179.
(pdftex.def)             Requested size: 203.1518pt x 181.19592pt.
<Introduction/Figures/Figure18.png, id=895, 395.88611pt x 170.1223pt>
File: Introduction/Figures/Figure18.png Graphic file (type png)
<use Introduction/Figures/Figure18.png>
Package pdftex.def Info: Introduction/Figures/Figure18.png  used on input line 192.
(pdftex.def)             Requested size: 395.88513pt x 170.12187pt.

Underfull \vbox (badness 10000) has occurred while \output is active []

 [17]
Underfull \vbox (badness 10000) has occurred while \output is active []

 [18 <./Introduction/Figures/Figure17.png>]
<Introduction/Figures/Figure7_cropped.png, id=917, 313.17pt x 99.0099pt>
File: Introduction/Figures/Figure7_cropped.png Graphic file (type png)
<use Introduction/Figures/Figure7_cropped.png>
Package pdftex.def Info: Introduction/Figures/Figure7_cropped.png  used on input line 203.
(pdftex.def)             Requested size: 313.16922pt x 99.00964pt.


LaTeX Warning: `h' float specifier changed to `ht'.


Underfull \vbox (badness 10000) has occurred while \output is active []

 [19 <./Introduction/Figures/Figure18.png>]
<Introduction/Figures/Figure10.png, id=930, 426.6339pt x 284.0211pt>
File: Introduction/Figures/Figure10.png Graphic file (type png)
<use Introduction/Figures/Figure10.png>
Package pdftex.def Info: Introduction/Figures/Figure10.png  used on input line 230.
(pdftex.def)             Requested size: 426.63284pt x 284.0204pt.

Overfull \hbox (20.32925pt too wide) in paragraph at lines 230--231
 [][] 
 []

[20 <./Introduction/Figures/Figure7_cropped.png>] [21 <./Introduction/Figures/Figure10.png>] [22]
<Introduction/Figures/Figure6_md.png, id=961, 313.4109pt x 279.6849pt>
File: Introduction/Figures/Figure6_md.png Graphic file (type png)
<use Introduction/Figures/Figure6_md.png>
Package pdftex.def Info: Introduction/Figures/Figure6_md.png  used on input line 248.
(pdftex.def)             Requested size: 406.30359pt x 362.58316pt.

Underfull \vbox (badness 10000) has occurred while \output is active []

 [23] [24 <./Introduction/Figures/Figure6_md.png>] [25]
<Introduction/Figures/figure_dsDNA_expt.png, id=1005, 420.00916pt x 228.25275pt>
File: Introduction/Figures/figure_dsDNA_expt.png Graphic file (type png)
<use Introduction/Figures/figure_dsDNA_expt.png>
Package pdftex.def Info: Introduction/Figures/figure_dsDNA_expt.png  used on input line 270.
(pdftex.def)             Requested size: 406.30359pt x 220.80583pt.


LaTeX Warning: `!h' float specifier changed to `!ht'.

[26]
Underfull \vbox (badness 10000) has occurred while \output is active []

 [27 <./Introduction/Figures/figure_dsDNA_expt.png>]
Underfull \vbox (badness 10000) has occurred while \output is active []

 [28]
Underfull \vbox (badness 2042) has occurred while \output is active []

 [29]
<Introduction/Figures/figure_dsDNA_sim.png, id=1050, 426.75435pt x 284.5029pt>
File: Introduction/Figures/figure_dsDNA_sim.png Graphic file (type png)
<use Introduction/Figures/figure_dsDNA_sim.png>
Package pdftex.def Info: Introduction/Figures/figure_dsDNA_sim.png  used on input line 294.
(pdftex.def)             Requested size: 406.30359pt x 270.87096pt.

Underfull \vbox (badness 10000) has occurred while \output is active []

 [30 <./Introduction/Figures/figure_dsDNA_sim.png>]
Underfull \vbox (badness 10000) has occurred while \output is active []

 [31]
<Introduction/Figures/figure_ssDNA_expt.png, id=1074, 369.66106pt x 119.36595pt>
File: Introduction/Figures/figure_ssDNA_expt.png Graphic file (type png)
<use Introduction/Figures/figure_ssDNA_expt.png>
Package pdftex.def Info: Introduction/Figures/figure_ssDNA_expt.png  used on input line 311.
(pdftex.def)             Requested size: 406.30359pt x 131.19911pt.
 [32 <./Introduction/Figures/figure_ssDNA_expt.png>]
<Introduction/Figures/figure_ssDNA_sim.png, id=1088, 373.395pt x 227.6505pt>
File: Introduction/Figures/figure_ssDNA_sim.png Graphic file (type png)
<use Introduction/Figures/figure_ssDNA_sim.png>
Package pdftex.def Info: Introduction/Figures/figure_ssDNA_sim.png  used on input line 323.
(pdftex.def)             Requested size: 406.30359pt x 247.72421pt.

Underfull \vbox (badness 2042) has occurred while \output is active []

 [33]
Underfull \vbox (badness 2856) has occurred while \output is active []

 [34 <./Introduction/Figures/figure_ssDNA_sim.png>]
Underfull \vbox (badness 10000) has occurred while \output is active []

 [35]
Underfull \vbox (badness 10000) has occurred while \output is active []

 [36] [37] [38] [39]) [40]
\openout2 = `Methods/methods_final.aux'.

 (./Methods/methods_final.tex
Underfull \vbox (badness 10000) has occurred while \output is active []

 [41




] [42] [43] [44] [45]
<Methods/Figures/cutoff.png, id=1227, 335.75438pt x 331.73938pt>
File: Methods/Figures/cutoff.png Graphic file (type png)
<use Methods/Figures/cutoff.png>
Package pdftex.def Info: Methods/Figures/cutoff.png  used on input line 107.
(pdftex.def)             Requested size: 203.1518pt x 200.72064pt.


LaTeX Warning: `!h' float specifier changed to `!ht'.

[46]
<Methods/Figures/pbc.png, id=1235, 711.4078pt x 711.4078pt>
File: Methods/Figures/pbc.png Graphic file (type png)
<use Methods/Figures/pbc.png>
Package pdftex.def Info: Methods/Figures/pbc.png  used on input line 120.
(pdftex.def)             Requested size: 203.1518pt x 203.15497pt.


LaTeX Warning: `!h' float specifier changed to `!ht'.

[47 <./Methods/Figures/cutoff.png>] [48 <./Methods/Figures/pbc.png>]
Underfull \vbox (badness 10000) has occurred while \output is active []

 [49]
<Methods/Figures/drude.png, id=1252, 290.58563pt x 188.20313pt>
File: Methods/Figures/drude.png Graphic file (type png)
<use Methods/Figures/drude.png>
Package pdftex.def Info: Methods/Figures/drude.png  used on input line 162.
(pdftex.def)             Requested size: 304.72769pt x 197.375pt.

Underfull \vbox (badness 2790) has occurred while \output is active []

 [50 <./Methods/Figures/drude.png>] [51] [52] [53]) [54]
\openout2 = `Chapter1/chapter1.aux'.

 (./Chapter1/chapter1.tex [55




]
<Chapter1/Figures/Figure1.png, id=1340, 212.29312pt x 227.85126pt>
File: Chapter1/Figures/Figure1.png Graphic file (type png)
<use Chapter1/Figures/Figure1.png>
Package pdftex.def Info: Chapter1/Figures/Figure1.png  used on input line 10.
(pdftex.def)             Requested size: 212.2926pt x 227.8507pt.
 [56]
Underfull \vbox (badness 2181) has occurred while \output is active []

 [57 <./Chapter1/Figures/Figure1.png>]
Underfull \vbox (badness 10000) has occurred while \output is active []

 [58]
<Chapter1/Figures/Scheme-final.png, id=1369, 685.56125pt x 709.65125pt>
File: Chapter1/Figures/Scheme-final.png Graphic file (type png)
<use Chapter1/Figures/Scheme-final.png>
Package pdftex.def Info: Chapter1/Figures/Scheme-final.png  used on input line 51.
(pdftex.def)             Requested size: 243.78462pt x 252.34485pt.
<Chapter1/Figures/water.png, id=1370, 373.395pt x 178.16562pt>
File: Chapter1/Figures/water.png Graphic file (type png)
<use Chapter1/Figures/water.png>
Package pdftex.def Info: Chapter1/Figures/water.png  used on input line 57.
(pdftex.def)             Requested size: 373.39409pt x 178.16518pt.
 [59] [60 <./Chapter1/Figures/Scheme-final.png>]
Underfull \vbox (badness 7308) has occurred while \output is active []

 [61 <./Chapter1/Figures/water.png>]
Overfull \hbox (17.07474pt too wide) in alignment at lines 98--98
[][][][][][][] 
 []

[62]
Overfull \hbox (1.3917pt too wide) in paragraph at lines 131--141
 [][] 
 []

LaTeX Font Info:    Calculating math sizes for size <5.47603> on input line 149.
LaTeX Font Info:    Font shape `OT1/ptm/bx/n' in size <4.05228> not available
(Font)              Font shape `OT1/ptm/b/n' tried instead on input line 149.
LaTeX Font Info:    Font shape `OT1/ptm/bx/n' in size <3.28564> not available
(Font)              Font shape `OT1/ptm/b/n' tried instead on input line 149.
[63]
<chapter1/Figures/Figure3.png, id=1404, 227.6505pt x 164.0529pt>
File: chapter1/Figures/Figure3.png Graphic file (type png)
<use chapter1/Figures/Figure3.png>
Package pdftex.def Info: chapter1/Figures/Figure3.png  used on input line 163.
(pdftex.def)             Requested size: 227.64993pt x 164.05249pt.
<chapter1/Figures/Figure2.png, id=1405, 369.7815pt x 340.3917pt>
File: chapter1/Figures/Figure2.png Graphic file (type png)
<use chapter1/Figures/Figure2.png>
Package pdftex.def Info: chapter1/Figures/Figure2.png  used on input line 168.
(pdftex.def)             Requested size: 369.78058pt x 340.39085pt.
 [64


 <./Chapter1/Figures/Figure3.png>]
Underfull \vbox (badness 10000) has occurred while \output is active []

 [65 <./Chapter1/Figures/Figure2.png>] [66]
<Chapter1/Figures/Figure4.png, id=1424, 95.85812pt x 175.65625pt>
File: Chapter1/Figures/Figure4.png Graphic file (type png)
<use Chapter1/Figures/Figure4.png>
Package pdftex.def Info: Chapter1/Figures/Figure4.png  used on input line 178.
(pdftex.def)             Requested size: 95.85788pt x 175.6558pt.
<Chapter1/Figures/Figure6.png, id=1426, 982.67125pt x 789.95125pt>
File: Chapter1/Figures/Figure6.png Graphic file (type png)
<use Chapter1/Figures/Figure6.png>
Package pdftex.def Info: Chapter1/Figures/Figure6.png  used on input line 198.
(pdftex.def)             Requested size: 406.30359pt x 326.61829pt.

Underfull \vbox (badness 3579) has occurred while \output is active []

 [67 <./Chapter1/Figures/Figure4.png>]
Underfull \vbox (badness 10000) has occurred while \output is active []

 [68 <./Chapter1/Figures/Figure6.png>]
<Chapter1/Figures/cv.png, id=1442, 156.585pt x 217.81375pt>
File: Chapter1/Figures/cv.png Graphic file (type png)
<use Chapter1/Figures/cv.png>
Package pdftex.def Info: Chapter1/Figures/cv.png  used on input line 210.
(pdftex.def)             Requested size: 156.58461pt x 217.8132pt.
 [69]
<Chapter1/Figures/FigureCOM.png, id=1453, 517.2123pt x 216.5691pt>
File: Chapter1/Figures/FigureCOM.png Graphic file (type png)
<use Chapter1/Figures/FigureCOM.png>
Package pdftex.def Info: Chapter1/Figures/FigureCOM.png  used on input line 217.
(pdftex.def)             Requested size: 406.30359pt x 170.13599pt.

Underfull \vbox (badness 10000) has occurred while \output is active []

 [70 <./Chapter1/Figures/cv.png>]
<Chapter1/Figures/dipole_new.png, id=1461, 790.152pt x 724.3863pt>
File: Chapter1/Figures/dipole_new.png Graphic file (type png)
<use Chapter1/Figures/dipole_new.png>
Package pdftex.def Info: Chapter1/Figures/dipole_new.png  used on input line 224.
(pdftex.def)             Requested size: 406.30359pt x 372.49387pt.
 [71 <./Chapter1/Figures/FigureCOM.png>] [72 <./Chapter1/Figures/dipole_new.png>]
<Chapter1/Figures/autocorrelation.png, id=1478, 398.4486pt x 278.4804pt>
File: Chapter1/Figures/autocorrelation.png Graphic file (type png)
<use Chapter1/Figures/autocorrelation.png>
Package pdftex.def Info: Chapter1/Figures/autocorrelation.png  used on input line 233.
(pdftex.def)             Requested size: 406.30359pt x 283.974pt.
<Chapter1/Figures/hbonds_full_mod_new1.png, id=1479, 972.9951pt x 796.6563pt>
File: Chapter1/Figures/hbonds_full_mod_new1.png Graphic file (type png)
<use Chapter1/Figures/hbonds_full_mod_new1.png>
Package pdftex.def Info: Chapter1/Figures/hbonds_full_mod_new1.png  used on input line 252.
(pdftex.def)             Requested size: 406.30359pt x 332.67271pt.

Underfull \vbox (badness 10000) has occurred while \output is active []

 [73]
<Chapter1/Figures/cytosine_figure1.png, id=1487, 206.57175pt x 227.6505pt>
File: Chapter1/Figures/cytosine_figure1.png Graphic file (type png)
<use Chapter1/Figures/cytosine_figure1.png>
Package pdftex.def Info: Chapter1/Figures/cytosine_figure1.png  used on input line 286.
(pdftex.def)             Requested size: 206.57123pt x 227.64993pt.

Underfull \vbox (badness 10000) has occurred while \output is active []

 [74 <./Chapter1/Figures/autocorrelation.png>]
Underfull \vbox (badness 10000) has occurred while \output is active []

 [75 <./Chapter1/Figures/hbonds_full_mod_new1.png>] [76 <./Chapter1/Figures/cytosine_figure1.png>]
Underfull \vbox (badness 10000) has occurred while \output is active []

 [77]
<Chapter1/Figures/hetdipole.png, id=1524, 362.5545pt x 258.9675pt>
File: Chapter1/Figures/hetdipole.png Graphic file (type png)
<use Chapter1/Figures/hetdipole.png>
Package pdftex.def Info: Chapter1/Figures/hetdipole.png  used on input line 296.
(pdftex.def)             Requested size: 406.30359pt x 290.23126pt.
<Chapter1/Figures/Figurelast.png, id=1526, 410.03188pt x 309.155pt>
File: Chapter1/Figures/Figurelast.png Graphic file (type png)
<use Chapter1/Figures/Figurelast.png>
Package pdftex.def Info: Chapter1/Figures/Figurelast.png  used on input line 317.
(pdftex.def)             Requested size: 406.30359pt x 306.36629pt.

Underfull \vbox (badness 10000) has occurred while \output is active []

 [78] [79 <./Chapter1/Figures/hetdipole.png>]
Underfull \vbox (badness 10000) has occurred while \output is active []

 [80] [81 <./Chapter1/Figures/Figurelast.png>]) [82]
\openout2 = `Chapter2/chapter2.aux'.

 (./Chapter2/chapter2.tex
Overfull \hbox (2.05438pt too wide) in paragraph at lines 1--1
|\T1/ptm/b/n/20.74 (-20) Capturing Concentration-Induced Ag-gre-ga-tion
 []

[83




]
Underfull \vbox (badness 10000) has occurred while \output is active []

 [84]
<Chapter2/Figures/Figure0.png, id=1641, 284.49142pt x 270.95514pt>
File: Chapter2/Figures/Figure0.png Graphic file (type png)
<use Chapter2/Figures/Figure0.png>
Package pdftex.def Info: Chapter2/Figures/Figure0.png  used on input line 16.
(pdftex.def)             Requested size: 284.49072pt x 270.95445pt.
 [85] [86 <./Chapter2/Figures/Figure0.png>]
<Chapter2/Figures/Figure1.png, id=1661, 240.9pt x 145.7445pt>
File: Chapter2/Figures/Figure1.png Graphic file (type png)
<use Chapter2/Figures/Figure1.png>
Package pdftex.def Info: Chapter2/Figures/Figure1.png  used on input line 33.
(pdftex.def)             Requested size: 240.8994pt x 145.74414pt.
<Chapter2/Figures/Figure2.png, id=1662, 505.89pt x 371.2269pt>
File: Chapter2/Figures/Figure2.png Graphic file (type png)
<use Chapter2/Figures/Figure2.png>
Package pdftex.def Info: Chapter2/Figures/Figure2.png  used on input line 39.
(pdftex.def)             Requested size: 406.30359pt x 298.15445pt.
<Chapter2/Figures/Figure3.png, id=1665, 505.89pt x 105.0324pt>
File: Chapter2/Figures/Figure3.png Graphic file (type png)
<use Chapter2/Figures/Figure3.png>
Package pdftex.def Info: Chapter2/Figures/Figure3.png  used on input line 45.
(pdftex.def)             Requested size: 406.30359pt x 84.35777pt.
 [87]
Underfull \vbox (badness 10000) has occurred while \output is active []

 [88 <./Chapter2/Figures/Figure1.png>] [89 <./Chapter2/Figures/Figure2.png>]
<Chapter2/Figures/B3_port.png, id=1680, 192.72pt x 144.54pt>
File: Chapter2/Figures/B3_port.png Graphic file (type png)
<use Chapter2/Figures/B3_port.png>
Package pdftex.def Info: Chapter2/Figures/B3_port.png  used on input line 51.
(pdftex.def)             Requested size: 406.30359pt x 304.72726pt.
<Chapter2/Figures/Figure4.png, id=1682, 379.4175pt x 166.7028pt>
File: Chapter2/Figures/Figure4.png Graphic file (type png)
<use Chapter2/Figures/Figure4.png>
Package pdftex.def Info: Chapter2/Figures/Figure4.png  used on input line 58.
(pdftex.def)             Requested size: 379.41656pt x 166.70238pt.

Underfull \vbox (badness 10000) has occurred while \output is active []

 [90] [91 <./Chapter2/Figures/Figure3.png> <./Chapter2/Figures/B3_port.png>]
Underfull \vbox (badness 10000) has occurred while \output is active []

 [92]
<Chapter2/Figures/Figure5.png, id=1699, 410.2527pt x 203.3196pt>
File: Chapter2/Figures/Figure5.png Graphic file (type png)
<use Chapter2/Figures/Figure5.png>
Package pdftex.def Info: Chapter2/Figures/Figure5.png  used on input line 67.
(pdftex.def)             Requested size: 406.30359pt x 201.36147pt.

Underfull \vbox (badness 10000) has occurred while \output is active []

 [93 <./Chapter2/Figures/Figure4.png>]
Underfull \vbox (badness 10000) has occurred while \output is active []

 [94 <./Chapter2/Figures/Figure5.png>]
<Chapter2/Figures/Figure6.png, id=1714, 301.6068pt x 202.356pt>
File: Chapter2/Figures/Figure6.png Graphic file (type png)
<use Chapter2/Figures/Figure6.png>
Package pdftex.def Info: Chapter2/Figures/Figure6.png  used on input line 96.
(pdftex.def)             Requested size: 406.30359pt x 272.60992pt.

Underfull \vbox (badness 10000) has occurred while \output is active []

 [95]
Underfull \vbox (badness 10000) has occurred while \output is active []

 [96] [97 <./Chapter2/Figures/Figure6.png>]
<Chapter2/Figures/Figure7.png, id=1737, 404.712pt x 283.0575pt>
File: Chapter2/Figures/Figure7.png Graphic file (type png)
<use Chapter2/Figures/Figure7.png>
Package pdftex.def Info: Chapter2/Figures/Figure7.png  used on input line 105.
(pdftex.def)             Requested size: 406.30359pt x 284.18407pt.

Underfull \vbox (badness 10000) has occurred while \output is active []

 [98]
Underfull \vbox (badness 10000) has occurred while \output is active []

 [99 <./Chapter2/Figures/Figure7.png>]) [100]
\openout2 = `Chapter3/chapter3.aux'.

 (./Chapter3/chapter3.tex [101




]
Underfull \vbox (badness 10000) has occurred while \output is active []

 [102] [103]
<Chapter3/Figures/FigureS1.png, id=1839, 505.89pt x 256.96pt>
File: Chapter3/Figures/FigureS1.png Graphic file (type png)
<use Chapter3/Figures/FigureS1.png>
Package pdftex.def Info: Chapter3/Figures/FigureS1.png  used on input line 29.
(pdftex.def)             Requested size: 406.30359pt x 206.3799pt.
 [104] [105 <./Chapter3/Figures/FigureS1.png>]
<Chapter3/Figures/Figure2.png, id=1868, 447.17062pt x 243.91125pt>
File: Chapter3/Figures/Figure2.png Graphic file (type png)
<use Chapter3/Figures/Figure2.png>
Package pdftex.def Info: Chapter3/Figures/Figure2.png  used on input line 53.
(pdftex.def)             Requested size: 406.30359pt x 221.62462pt.

Underfull \vbox (badness 10000) has occurred while \output is active []

 [106] [107 <./Chapter3/Figures/Figure2.png>]
<Chapter3/Figures/Figure3.png, id=1882, 357.83687pt x 208.27812pt>
File: Chapter3/Figures/Figure3.png Graphic file (type png)
<use Chapter3/Figures/Figure3.png>
Package pdftex.def Info: Chapter3/Figures/Figure3.png  used on input line 79.
(pdftex.def)             Requested size: 406.30359pt x 236.50198pt.

Underfull \vbox (badness 10000) has occurred while \output is active []

 [108]
Underfull \vbox (badness 10000) has occurred while \output is active []

 [109 <./Chapter3/Figures/Figure3.png>]
Underfull \vbox (badness 10000) has occurred while \output is active []

 [110]
<Chapter3/Figures/Figure4.png, id=1909, 407.02063pt x 252.945pt>
File: Chapter3/Figures/Figure4.png Graphic file (type png)
<use Chapter3/Figures/Figure4.png>
Package pdftex.def Info: Chapter3/Figures/Figure4.png  used on input line 89.
(pdftex.def)             Requested size: 406.30359pt x 252.50824pt.
<Chapter3/Figures/Figure5.png, id=1910, 639.3486pt x 314.3745pt>
File: Chapter3/Figures/Figure5.png Graphic file (type png)
<use Chapter3/Figures/Figure5.png>
Package pdftex.def Info: Chapter3/Figures/Figure5.png  used on input line 95.
(pdftex.def)             Requested size: 406.30359pt x 199.78387pt.

Underfull \vbox (badness 10000) has occurred while \output is active []

 [111 <./Chapter3/Figures/Figure4.png>]
<Chapter3/Figures/Figure6.png, id=1918, 639.3486pt x 314.3745pt>
File: Chapter3/Figures/Figure6.png Graphic file (type png)
<use Chapter3/Figures/Figure6.png>
Package pdftex.def Info: Chapter3/Figures/Figure6.png  used on input line 103.
(pdftex.def)             Requested size: 406.30359pt x 199.78387pt.

Underfull \vbox (badness 10000) has occurred while \output is active []

 [112 <./Chapter3/Figures/Figure5.png>]
<Chapter3/Figures/Figure7.png, id=1924, 380.92313pt x 165.11688pt>
File: Chapter3/Figures/Figure7.png Graphic file (type png)
<use Chapter3/Figures/Figure7.png>
Package pdftex.def Info: Chapter3/Figures/Figure7.png  used on input line 111.
(pdftex.def)             Requested size: 406.30359pt x 176.12405pt.

Underfull \vbox (badness 4556) has occurred while \output is active []

 [113 <./Chapter3/Figures/Figure6.png>]
Underfull \vbox (badness 10000) has occurred while \output is active []

 [114 <./Chapter3/Figures/Figure7.png>]
Underfull \vbox (badness 10000) has occurred while \output is active []

 [115]) [116]
\openout2 = `Chapter4/chapter4.aux'.

 (./Chapter4/chapter4.tex
Overfull \hbox (30.4885pt too wide) in paragraph at lines 1--1
|\T1/ptm/b/n/20.74 (-20) Unveiling DNA Translo-ca-tion in Pris-tine Graphene
 []

[117




]
Underfull \vbox (badness 10000) has occurred while \output is active []

 [118]
Underfull \vbox (badness 10000) has occurred while \output is active []

 [119]
Underfull \vbox (badness 10000) has occurred while \output is active []

 [120]
<Chapter4/Figures/Figure1.png, id=2052, 919.18407pt x 389.20406pt>
File: Chapter4/Figures/Figure1.png Graphic file (type png)
<use Chapter4/Figures/Figure1.png>
Package pdftex.def Info: Chapter4/Figures/Figure1.png  used on input line 18.
(pdftex.def)             Requested size: 406.30359pt x 172.04016pt.
 [121]
Underfull \vbox (badness 10000) has occurred while \output is active []

 [122 <./Chapter4/Figures/Figure1.png>]
<Chapter4/Figures/Figure2.png, id=2079, 839.38594pt x 371.13657pt>
File: Chapter4/Figures/Figure2.png Graphic file (type png)
<use Chapter4/Figures/Figure2.png>
Package pdftex.def Info: Chapter4/Figures/Figure2.png  used on input line 33.
(pdftex.def)             Requested size: 406.30359pt x 179.6499pt.

Underfull \vbox (badness 10000) has occurred while \output is active []

 [123]
<Chapter4/Figures/Figure3.png, id=2088, 633.86812pt x 542.025pt>
File: Chapter4/Figures/Figure3.png Graphic file (type png)
<use Chapter4/Figures/Figure3.png>
Package pdftex.def Info: Chapter4/Figures/Figure3.png  used on input line 44.
(pdftex.def)             Requested size: 406.30359pt x 347.44067pt.
 [124 <./Chapter4/Figures/Figure2.png>]
Underfull \vbox (badness 10000) has occurred while \output is active []

 [125] [126 <./Chapter4/Figures/Figure3.png>]
<Chapter4/Figures/Figure12.png, id=2104, 901.86937pt x 400.49625pt>
File: Chapter4/Figures/Figure12.png Graphic file (type png)
<use Chapter4/Figures/Figure12.png>
Package pdftex.def Info: Chapter4/Figures/Figure12.png  used on input line 53.
(pdftex.def)             Requested size: 406.30359pt x 180.42941pt.
 [127 <./Chapter4/Figures/Figure12.png>]
<Chapter4/Figures/Figure4.png, id=2118, 626.34pt x 542.025pt>
File: Chapter4/Figures/Figure4.png Graphic file (type png)
<use Chapter4/Figures/Figure4.png>
Package pdftex.def Info: Chapter4/Figures/Figure4.png  used on input line 62.
(pdftex.def)             Requested size: 406.30359pt x 351.61734pt.


LaTeX Warning: No positions in optional float specifier.
               Default added (so using `tbp') on input line 66.


Underfull \vbox (badness 10000) has occurred while \output is active []

 [128] [129 <./Chapter4/Figures/Figure4.png>]
<Chapter4/Figures/Figure5.png, id=2129, 894.34125pt x 392.21532pt>
File: Chapter4/Figures/Figure5.png Graphic file (type png)
<use Chapter4/Figures/Figure5.png>
Package pdftex.def Info: Chapter4/Figures/Figure5.png  used on input line 87.
(pdftex.def)             Requested size: 406.30359pt x 178.18893pt.
 [130]
<Chapter4/Figures/Figure6.png, id=2137, 895.09406pt x 466.74374pt>
File: Chapter4/Figures/Figure6.png Graphic file (type png)
<use Chapter4/Figures/Figure6.png>
Package pdftex.def Info: Chapter4/Figures/Figure6.png  used on input line 96.
(pdftex.def)             Requested size: 406.30359pt x 211.8702pt.

Underfull \vbox (badness 10000) has occurred while \output is active []

 [131 <./Chapter4/Figures/Figure5.png>]
Underfull \vbox (badness 10000) has occurred while \output is active []

 [132 <./Chapter4/Figures/Figure6.png>]
<Chapter4/Figures/Figure7.png, id=2152, 925.95938pt x 305.64188pt>
File: Chapter4/Figures/Figure7.png Graphic file (type png)
<use Chapter4/Figures/Figure7.png>
Package pdftex.def Info: Chapter4/Figures/Figure7.png  used on input line 105.
(pdftex.def)             Requested size: 406.30359pt x 134.1144pt.
<Chapter4/Figures/Figure8.png, id=2155, 862.72313pt x 542.025pt>
File: Chapter4/Figures/Figure8.png Graphic file (type png)
<use Chapter4/Figures/Figure8.png>
Package pdftex.def Info: Chapter4/Figures/Figure8.png  used on input line 112.
(pdftex.def)             Requested size: 406.30359pt x 255.26456pt.

Underfull \vbox (badness 1629) has occurred while \output is active []

 [133]
Underfull \vbox (badness 10000) has occurred while \output is active []

 [134 <./Chapter4/Figures/Figure7.png>]
Underfull \vbox (badness 10000) has occurred while \output is active []

 [135 <./Chapter4/Figures/Figure8.png>]
<Chapter4/Figures/Figure9.png, id=2174, 919.18407pt x 395.22656pt>
File: Chapter4/Figures/Figure9.png Graphic file (type png)
<use Chapter4/Figures/Figure9.png>
Package pdftex.def Info: Chapter4/Figures/Figure9.png  used on input line 122.
(pdftex.def)             Requested size: 406.30359pt x 174.70229pt.
<Chapter4/Figures/Figure10.png, id=2177, 564.60938pt x 499.8675pt>
File: Chapter4/Figures/Figure10.png Graphic file (type png)
<use Chapter4/Figures/Figure10.png>
Package pdftex.def Info: Chapter4/Figures/Figure10.png  used on input line 129.
(pdftex.def)             Requested size: 304.72769pt x 269.78712pt.
 [136 <./Chapter4/Figures/Figure9.png>]
Underfull \vbox (badness 6047) has occurred while \output is active []

 [137 <./Chapter4/Figures/Figure10.png>]
<Chapter4/Figures/Figure11.png, id=2189, 802.49812pt x 542.025pt>
File: Chapter4/Figures/Figure11.png Graphic file (type png)
<use Chapter4/Figures/Figure11.png>
Package pdftex.def Info: Chapter4/Figures/Figure11.png  used on input line 139.
(pdftex.def)             Requested size: 406.30359pt x 274.4276pt.
Package textcomp Info: Symbol \textasciiacute not provided by
(textcomp)             font family ptm in TS1 encoding.
(textcomp)             Default family used instead on input line 140.
Package textcomp Info: Symbol \textasciiacute not provided by
(textcomp)             font family ptm in TS1 encoding.
(textcomp)             Default family used instead on input line 140.
Package textcomp Info: Symbol \textasciiacute not provided by
(textcomp)             font family ptm in TS1 encoding.
(textcomp)             Default family used instead on input line 140.
Package textcomp Info: Symbol \textasciiacute not provided by
(textcomp)             font family ptm in TS1 encoding.
(textcomp)             Default family used instead on input line 140.
 [138] [139 <./Chapter4/Figures/Figure11.png>] [140]
Package textcomp Info: Symbol \textasciiacute not provided by
(textcomp)             font family ptm in TS1 encoding.
(textcomp)             Default family used instead on input line 160.
Package textcomp Info: Symbol \textasciiacute not provided by
(textcomp)             font family ptm in TS1 encoding.
(textcomp)             Default family used instead on input line 160.
Package textcomp Info: Symbol \textasciiacute not provided by
(textcomp)             font family ptm in TS1 encoding.
(textcomp)             Default family used instead on input line 160.
Package textcomp Info: Symbol \textasciiacute not provided by
(textcomp)             font family ptm in TS1 encoding.
(textcomp)             Default family used instead on input line 160.
Package textcomp Info: Symbol \textasciiacute not provided by
(textcomp)             font family ptm in TS1 encoding.
(textcomp)             Default family used instead on input line 160.
Package textcomp Info: Symbol \textasciiacute not provided by
(textcomp)             font family ptm in TS1 encoding.
(textcomp)             Default family used instead on input line 160.
Package textcomp Info: Symbol \textasciiacute not provided by
(textcomp)             font family ptm in TS1 encoding.
(textcomp)             Default family used instead on input line 160.

Underfull \vbox (badness 10000) has occurred while \output is active []

 [141


]
Underfull \vbox (badness 10000) has occurred while \output is active []

 [142]
<Chapter4/Figures/Figure_last.png, id=2244, 963.6pt x 296.60812pt>
File: Chapter4/Figures/Figure_last.png Graphic file (type png)
<use Chapter4/Figures/Figure_last.png>
Package pdftex.def Info: Chapter4/Figures/Figure_last.png  used on input line 172.
(pdftex.def)             Requested size: 406.30359pt x 125.06335pt.

Underfull \vbox (badness 10000) has occurred while \output is active []

 [143] [144 <./Chapter4/Figures/Figure_last.png>]
Underfull \vbox (badness 10000) has occurred while \output is active []

 [145]) [146]
\openout2 = `Appendix/appendix_a.aux'.

 (./Appendix/appendix_a.tex
<Appendix/Figures/A1_port.png, id=2286, 555.5154pt x 599.6001pt>
File: Appendix/Figures/A1_port.png Graphic file (type png)
<use Appendix/Figures/A1_port.png>
Package pdftex.def Info: Appendix/Figures/A1_port.png  used on input line 5.
(pdftex.def)             Requested size: 406.30359pt x 438.5553pt.
<Appendix/Figures/A2_port.png, id=2287, 555.5154pt x 599.6001pt>
File: Appendix/Figures/A2_port.png Graphic file (type png)
<use Appendix/Figures/A2_port.png>
Package pdftex.def Info: Appendix/Figures/A2_port.png  used on input line 11.
(pdftex.def)             Requested size: 406.30359pt x 438.5553pt.
<Appendix/Figures/A3_port.png, id=2288, 244.5135pt x 278.7213pt>
File: Appendix/Figures/A3_port.png Graphic file (type png)
<use Appendix/Figures/A3_port.png>
Package pdftex.def Info: Appendix/Figures/A3_port.png  used on input line 17.
(pdftex.def)             Requested size: 406.30359pt x 463.16632pt.
<Appendix/Figures/A4_port.png, id=2289, 555.5154pt x 599.6001pt>
File: Appendix/Figures/A4_port.png Graphic file (type png)
<use Appendix/Figures/A4_port.png>
Package pdftex.def Info: Appendix/Figures/A4_port.png  used on input line 23.
(pdftex.def)             Requested size: 406.30359pt x 438.5553pt.
<Appendix/Figures/A5_port.png, id=2290, 555.5154pt x 599.6001pt>
File: Appendix/Figures/A5_port.png Graphic file (type png)
<use Appendix/Figures/A5_port.png>
Package pdftex.def Info: Appendix/Figures/A5_port.png  used on input line 29.
(pdftex.def)             Requested size: 406.30359pt x 438.5553pt.
<Appendix/Figures/A6_port.png, id=2291, 532.8708pt x 489.027pt>
File: Appendix/Figures/A6_port.png Graphic file (type png)
<use Appendix/Figures/A6_port.png>
Package pdftex.def Info: Appendix/Figures/A6_port.png  used on input line 35.
(pdftex.def)             Requested size: 406.30359pt x 372.88812pt.
<Appendix/Figures/A9_port.png, id=2292, 426.8748pt x 228.6141pt>
File: Appendix/Figures/A9_port.png Graphic file (type png)
<use Appendix/Figures/A9_port.png>
Package pdftex.def Info: Appendix/Figures/A9_port.png  used on input line 41.
(pdftex.def)             Requested size: 406.30359pt x 217.61122pt.
<Appendix/Figures/A7_port.png, id=2293, 538.8933pt x 251.4996pt>
File: Appendix/Figures/A7_port.png Graphic file (type png)
<use Appendix/Figures/A7_port.png>
Package pdftex.def Info: Appendix/Figures/A7_port.png  used on input line 47.
(pdftex.def)             Requested size: 406.30359pt x 189.62582pt.
<Appendix/Figures/A8_port.png, id=2294, 538.8933pt x 250.7769pt>
File: Appendix/Figures/A8_port.png Graphic file (type png)
<use Appendix/Figures/A8_port.png>
Package pdftex.def Info: Appendix/Figures/A8_port.png  used on input line 53.
(pdftex.def)             Requested size: 406.30359pt x 189.08093pt.
) [147





] [148 <./Appendix/Figures/A1_port.png>] [149 <./Appendix/Figures/A2_port.png>] [150 <./Appendix/Figures/A3_port.png>] [151 <./Appendix/Figures/A4_port.png>] [152 <./Appendix/Figures/A5_port.png>] [153 <./Appendix/Figures/A6_port.png>] [154 <./Appendix/Figures/A9_port.png> <./Appendix/Figures/A7_port.png>] [155 <./Appendix/Figures/A8_port.png>]
\openout2 = `Appendix/appendix_b.aux'.

 (./Appendix/appendix_b.tex [156




]
<Appendix/Figures/B1_port.png, id=2346, 192.72pt x 144.54pt>
File: Appendix/Figures/B1_port.png Graphic file (type png)
<use Appendix/Figures/B1_port.png>
Package pdftex.def Info: Appendix/Figures/B1_port.png  used on input line 7.
(pdftex.def)             Requested size: 406.30359pt x 304.72726pt.
<Appendix/Figures/B2_port.png, id=2347, 192.72pt x 144.54pt>
File: Appendix/Figures/B2_port.png Graphic file (type png)
<use Appendix/Figures/B2_port.png>
Package pdftex.def Info: Appendix/Figures/B2_port.png  used on input line 13.
(pdftex.def)             Requested size: 406.30359pt x 304.72726pt.
<Appendix/Figures/B4_port.png, id=2348, 530.9436pt x 491.6769pt>
File: Appendix/Figures/B4_port.png Graphic file (type png)
<use Appendix/Figures/B4_port.png>
Package pdftex.def Info: Appendix/Figures/B4_port.png  used on input line 25.
(pdftex.def)             Requested size: 406.30359pt x 376.25163pt.
) [157] [158 <./Appendix/Figures/B1_port.png>] [159 <./Appendix/Figures/B2_port.png>] [160 <./Appendix/Figures/B4_port.png>]
\openout2 = `Appendix/appendix_c.aux'.

 (./Appendix/appendix_c.tex
<Appendix/Figures/C1_port.png, id=2369, 794.97pt x 614.295pt>
File: Appendix/Figures/C1_port.png Graphic file (type png)
<use Appendix/Figures/C1_port.png>
Package pdftex.def Info: Appendix/Figures/C1_port.png  used on input line 12.
(pdftex.def)             Requested size: 406.30359pt x 313.97055pt.

Underfull \vbox (badness 10000) has occurred while \output is active []

 [161




] [162 <./Appendix/Figures/C1_port.png>]
<Appendix/Figures/C2_port.png, id=2379, 794.97pt x 614.295pt>
File: Appendix/Figures/C2_port.png Graphic file (type png)
<use Appendix/Figures/C2_port.png>
Package pdftex.def Info: Appendix/Figures/C2_port.png  used on input line 21.
(pdftex.def)             Requested size: 406.30359pt x 313.97055pt.
) [163 <./Appendix/Figures/C2_port.png>] [164]
\openout2 = `Appendix/appendix_d.aux'.

 (./Appendix/appendix_d.tex
<Appendix/Figures/D1_port.png, id=2390, 450.68375pt x 361.85187pt>
File: Appendix/Figures/D1_port.png Graphic file (type png)
<use Appendix/Figures/D1_port.png>
Package pdftex.def Info: Appendix/Figures/D1_port.png  used on input line 8.
(pdftex.def)             Requested size: 406.30359pt x 326.2379pt.
<Appendix/Figures/D2_port.png, id=2391, 424.08438pt x 345.79187pt>
File: Appendix/Figures/D2_port.png Graphic file (type png)
<use Appendix/Figures/D2_port.png>
Package pdftex.def Info: Appendix/Figures/D2_port.png  used on input line 14.
(pdftex.def)             Requested size: 406.30359pt x 331.30742pt.
) [165




] [166 <./Appendix/Figures/D1_port.png>] [167 <./Appendix/Figures/D2_port.png>] [168



] [169] [170] [171] [172] [173] [174] [175] [176] [177] [178] [179] [180] [181] [182]
Overfull \hbox (10.57538pt too wide) in paragraph at lines 146--146
[]\T1/ptm/m/n/10.95 (-20) S. Song, Y. Chen, Z. Yan, H. Fen-niri, T. J. Web-ster, \T1/ptm/m/it/10.95 (-20) In-ter-na-tional Jour-nal of Nanomedicine
 []

[183] [184] [185] [186] [187]
\tf@lof=\write6
\openout6 = `phdthesis.lof'.

\tf@lot=\write7
\openout7 = `phdthesis.lot'.

\tf@toc=\write8
\openout8 = `phdthesis.toc'.

 (./phdthesis.aux (./certificate.aux) (./declaration.aux) (./Acknowledgements/acknowledgement.aux) (./Introduction/introduction_new.aux) (./Methods/methods_final.aux) (./Chapter1/chapter1.aux) (./Chapter2/chapter2.aux) (./Chapter3/chapter3.aux) (./Chapter4/chapter4.aux) (./Appendix/appendix_a.aux) (./Appendix/appendix_b.aux) (./Appendix/appendix_c.aux) (./Appendix/appendix_d.aux))

LaTeX Warning: There were multiply-defined labels.

Package rerunfilecheck Info: File `phdthesis.out' has not changed.
(rerunfilecheck)             Checksum: 64A391E0E38A59F50F86678EAB194169;8807.
Package logreq Info: Writing requests to 'phdthesis.run.xml'.
\openout1 = `phdthesis.run.xml'.

 ) 
Here is how much of TeX's memory you used:
 32163 strings out of 477255
 609457 string characters out of 5816757
 1885845 words of memory out of 5000000
 50288 multiletter control sequences out of 15000+600000
 685771 words of font info for 683 fonts, out of 8000000 for 9000
 408 hyphenation exceptions out of 8191
 110i,17n,131p,6452b,2305s stack positions out of 10000i,1000n,20000p,200000b,200000s
<c:/texlive/2023/texmf-dist/fonts/type1/public/amsfonts/cm/cmex10.pfb><c:/texlive/2023/texmf-dist/fonts/type1/public/amsfonts/cm/cmmi10.pfb><c:/texlive/2023/texmf-dist/fonts/type1/public/amsfonts/cm/cmr10.pfb><c:/texlive/2023/texmf-dist/fonts/type1/public/amsfonts/cm/cmsy10.pfb><c:/texlive/2023/texmf-dist/fonts/type1/public/rsfs/rsfs10.pfb><c:/texlive/2023/texmf-dist/fonts/type1/public/cm-super/sfrm1095.pfb><c:/texlive/2023/texmf-dist/fonts/type1/urw/symbol/usyr.pfb><c:/texlive/2023/texmf-dist/fonts/type1/urw/symbol/usyr.pfb><c:/texlive/2023/texmf-dist/fonts/type1/urw/times/utmb8a.pfb><c:/texlive/2023/texmf-dist/fonts/type1/urw/times/utmr8a.pfb><c:/texlive/2023/texmf-dist/fonts/type1/urw/times/utmri8a.pfb>
Output written on phdthesis.pdf (205 pages, 67095634 bytes).
PDF statistics:
 2769 PDF objects out of 2984 (max. 8388607)
 2311 compressed objects within 24 object streams
 706 named destinations out of 1000 (max. 500000)
 201961 words of extra memory for PDF output out of 221844 (max. 10000000)

